MACHINE 1   -  State Listing                                                    

                                                               
Label    > ADDR    RESET IR IW OE WE CE   DATA     16 
Base     >   Hex   Binar Bi Bi Bi Bi Bi   ASCII    Bi 
__________ _______ _____ __ __ __ __ __ __________ __ 

     97    0000002     0  0  0  1  0 10     <SOH>  0
     98    0000002     0  0  0  0  0 10     <STX>  0
     99    0000000     0  0  0  1  0 10     <STX>  0
    100    0000000     0  0  0  0  0 10     <SOH>  0
    101    0000002     0  0  0  1  0 10     <SOH>  0
    102    0000002     0  0  0  0  0 10     <STX>  0
    103    0000008     0  0  0  1  0 10     <STX>  0
    104    0000008     0  0  0  0  0 10     <ETB>  0
    105    000000A     0  0  0  1  0 10     <ETB>  0
    106    000000A     0  0  0  0  0 10     <ETX>  0
    107    0000008     0  0  0  1  0 10     <ETX>  0
    108    0000008     0  0  0  0  0 10     <ETB>  0
    109    000000A     0  0  0  1  0 10     <ETB>  0
    110    000000A     0  0  0  0  0 10     <ETX>  0
    111    0000012     0  0  0  1  0 10     <ETX>  0
    112    0000012     0  0  0  0  0 10            0
    113    0000014     0  0  0  1  0 10            0
    114    0000014     0  0  0  0  0 10     <EOT>  0
    115    0000012     0  0  0  1  0 10     <EOT>  0
    116    0000012     0  0  0  0  0 10            0
    117    0000014     0  0  0  1  0 10            0
    118    0000014     0  0  0  0  0 10     <EOT>  0
    119    000001E     0  0  0  1  0 10     <EOT>  0
    120    000001E     0  0  0  0  0 10       !    0
    121    0000020     0  0  0  1  0 10       !    0
    122    0000020     0  0  0  0  0 10     <STX>  0
    123    000001E     0  0  0  1  0 10     <STX>  0
    124    000001E     0  0  0  0  0 10       !    0
    125    0000020     0  0  0  1  0 10       !    0
    126    0000020     0  0  0  0  0 10     <STX>  0
    127    0000026     0  0  0  1  0 10     <STX>  0
    128    0000026     0  0  0  0  0 10     <NAK>  0
    129    0000028     0  0  0  1  0 10     <NAK>  0
    130    0000028     0  0  0  0  0 10       .    0
    131    0000026     0  0  0  1  0 10       .    0
    132    0000026     0  0  0  0  0 10     <NAK>  0
    133    0000028     0  0  0  1  0 10     <NAK>  0
    134    0000028     0  0  0  0  0 10       .    0
    135    0000086     0  0  0  1  0 10       .    0
    136    0000086     0  0  0  0  0 10     <SUB>  0
    137    0000088     0  0  0  1  0 10     <SUB>  0
    138    0000088     0  0  0  0  0 10     <ACK>  0
    139    0000086     0  0  0  1  0 10     <ACK>  0
    140    0000086     0  0  0  0  0 10     <SUB>  0
    141    0000088     0  0  0  1  0 10     <SUB>  0
    142    0000088     0  0  0  0  0 10     <ACK>  0
    143    0000096     0  0  0  1  0 10     <ACK>  0
    144    0000096     0  0  0  0  0 10     <ESC>  0
    145    0000098     0  0  0  1  0 10     <ESC>  0
    146    0000098     0  0  0  0  0 10     <DC4>  0
    147    0000096     0  0  0  1  0 10     <DC4>  0
    148    0000096     0  0  0  0  0 10     <ESC>  0
    149    0000098     0  0  0  1  0 10     <ESC>  0
    150    0000098     0  0  0  0  0 10     <DC4>  0
    151    00000C2     0  0  0  1  0 10     <DC4>  0
    152    00000C2     0  0  0  0  0 10     <ESC>  0
    153    00000C4     0  0  0  1  0 10     <ESC>  0
    154    00000C4     0  0  0  0  0 10     <BEL>  0
    155    00000C2     0  0  0  1  0 10     <BEL>  0
    156    00000C2     0  0  0  0  0 10     <ESC>  0
    157    00000C4     0  0  0  1  0 10     <ESC>  0
    158    00000C4     0  0  0  0  0 10     <BEL>  0
    159    00000D4     0  0  0  1  0 10     <BEL>  0
    160    00000D4     0  0  0  0  0 10     <EOM>  0
    161    00000D6     0  0  0  1  0 10     <EOM>  0
    162    00000D6     0  0  0  0  0 10     <ETX>  0
    163    00000D4     0  0  0  1  0 10     <ETX>  0
    164    00000D4     0  0  0  0  0 10     <EOM>  0
    165    00000D6     0  0  0  1  0 10     <EOM>  0
    166    00000D6     0  0  0  0  0 10     <ETX>  0
    167    00000DE     0  0  0  1  0 10     <ETX>  0
    168    00000DE     0  0  0  0  0 10     <DC4>  0
    169    00000E0     0  0  0  1  0 10     <DC4>  0
    170    00000E0     0  0  0  0  0 10     <NUL>  0
    171    00000DE     0  0  0  1  0 10     <NUL>  0
    172    00000DE     0  0  0  0  0 10     <DC4>  0
    173    00000E0     0  0  0  1  0 10     <DC4>  0
    174    00000E0     0  0  0  0  0 10     <NUL>  0
    175    00000E2     0  0  0  1  0 10     <NUL>  0
    176    00000E2     0  0  0  0  0 10     <DLE>  0
    177    00000E4     0  0  0  1  0 10     <DLE>  0
    178    00000E4     0  0  0  0  0 10     <ENQ>  0
    179    00000E2     0  0  0  1  0 10     <ENQ>  0
    180    00000E2     0  0  0  0  0 10     <DLE>  0
    181    00000E4     0  0  0  1  0 10     <DLE>  0
    182    00000E4     0  0  0  0  0 10     <ENQ>  0
    183    00000F0     0  0  0  1  0 10     <ENQ>  0
    184    00000F0     0  0  0  0  0 10           0
    185    00000F2     0  0  0  1  0 10           0
    186    00000F2     0  0  0  0  0 10       s    0
    187    00000F0     0  0  0  1  0 10       s    0
    188    00000F0     0  0  0  0  0 10           0
    189    0000000     0  0  0  1  0 10           0
    190    0000000     0  0  0  0  0 10     <SOH>  0
    191    0000002     0  0  0  1  0 10     <SOH>  0
    192    0000002     0  0  0  0  0 10     <STX>  0
    193    0000000     0  0  0  1  0 10     <STX>  0
    194    0000000     0  0  0  0  0 10     <SOH>  0
    195    0000002     0  0  0  1  0 10     <SOH>  0
    196    0000002     0  0  0  0  0 10     <STX>  0
    197    0000008     0  0  0  1  0 10     <STX>  0
    198    0000008     0  0  0  0  0 10     <ETB>  0
    199    000000A     0  0  0  1  0 10     <ETB>  0
    200    000000A     0  0  0  0  0 10     <ETX>  0
    201    0000008     0  0  0  1  0 10     <ETX>  0
    202    0000008     0  0  0  0  0 10     <ETB>  0
    203    000000A     0  0  0  1  0 10     <ETB>  0
    204    000000A     0  0  0  0  0 10     <ETX>  0
    205    0000012     0  0  0  1  0 10     <ETX>  0
    206    0000012     0  0  0  0  0 10            0
    207    0000014     0  0  0  1  0 10            0
    208    0000014     0  0  0  0  0 10     <EOT>  0
    209    0000012     0  0  0  1  0 10     <EOT>  0
    210    0000012     0  0  0  0  0 10            0
    211    0000014     0  0  0  1  0 10            0
    212    0000014     0  0  0  0  0 10     <EOT>  0
    213    000001E     0  0  0  1  0 10     <EOT>  0
    214    000001E     0  0  0  0  0 10       !    0
    215    0000020     0  0  0  1  0 10       !    0
    216    0000020     0  0  0  0  0 10     <STX>  0
    217    000001E     0  0  0  1  0 10     <STX>  0
    218    000001E     0  0  0  0  0 10       !    0
    219    0000020     0  0  0  1  0 10       !    0
    220    0000020     0  0  0  0  0 10     <STX>  0
    221    0000026     0  0  0  1  0 10     <STX>  0
    222    0000026     0  0  0  0  0 10     <NAK>  0
    223    0000028     0  0  0  1  0 10     <NAK>  0
    224    0000028     0  0  0  0  0 10       .    0
    225    0000028     0  0  0  1  0 10           0
    226    0000028     0  0  0  0  0 10       .    0
    227    000002A     0  0  0  1  0 10       .    0
    228    000002A     0  0  0  0  0 10     <EOT>  0
    229    000002C     0  0  0  1  0 10     <EOT>  0
    230    000002C     0  0  0  0  0 10     <SOH>  0
    231    000002E     0  0  0  1  0 10     <SOH>  0
    232    000002E     0  0  0  0  0 10       3    0
    233    0000030     0  0  0  1  0 10       3    0
    234    0000030     0  0  0  0  0 10       C    0
    235    0000032     0  0  0  1  0 10       C    0
    236    0000032     0  0  0  0  0 10       o    0
    237    0000034     0  0  0  1  0 10       o    0
    238    0000034     0  0  0  0  0 10       m    0
    239    0000036     0  0  0  1  0 10       m    0
    240    0000036     0  0  0  0  0 10     <NUL>  0
    241    0000038     0  0  0  1  0 10     <NUL>  0
    242    0000038     0  0  0  0  0 10       M    0
    243    000003A     0  0  0  1  0 10       M    0
    244    000003A     0  0  0  0  0 10       e    0
    245    000003C     0  0  0  1  0 10       e    0
    246    000003C     0  0  0  0  0 10       g    0
    247    000003E     0  0  0  1  0 10       g    0
    248    000003E     0  0  0  0  0 10       a    0
    249    0000040     0  0  0  1  0 10       a    0
    250    0000040     0  0  0  0  0 10       h    0
    251    0000042     0  0  0  1  0 10       h    0
    252    0000042     0  0  0  0  0 10       e    0
    253    0000044     0  0  0  1  0 10       e    0
    254    0000044     0  0  0  0  0 10       r    0
    255    0000046     0  0  0  1  0 10       r    0
    256    0000046     0  0  0  0  0 10       t    0
    257    0000048     0  0  0  1  0 10       t    0
    258    0000048     0  0  0  0  0 10       z    0
    259    000004A     0  0  0  1  0 10       z    0
    260    000004A     0  0  0  0  0 10            0
    261    000004C     0  0  0  1  0 10            0
    262    000004C     0  0  0  0  0 10       5    0
    263    000004E     0  0  0  1  0 10       5    0
    264    000004E     0  0  0  0  0 10       8    0
    265    0000050     0  0  0  1  0 10       8    0
    266    0000050     0  0  0  0  0 10       9    0
    267    0000052     0  0  0  1  0 10       9    0
    268    0000052     0  0  0  0  0 10       E    0
    269    0000054     0  0  0  1  0 10       E    0
    270    0000054     0  0  0  0  0 10     <NUL>  0
    271    0000056     0  0  0  1  0 10     <NUL>  0
    272    0000056     0  0  0  0  0 10       T    0
    273    0000058     0  0  0  1  0 10       T    0
    274    0000058     0  0  0  0  0 10       P    0
    275    000005A     0  0  0  1  0 10       P    0
    276    000005A     0  0  0  0  0 10       /    0
    277    000005C     0  0  0  1  0 10       /    0
    278    000005C     0  0  0  0  0 10       B    0
    279    000005E     0  0  0  1  0 10       B    0
    280    000005E     0  0  0  0  0 10       N    0
    281    0000060     0  0  0  1  0 10       N    0
    282    0000060     0  0  0  0  0 10       C    0
    283    0000062     0  0  0  1  0 10       C    0
    284    0000062     0  0  0  0  0 10            0
    285    0000064     0  0  0  1  0 10            0
    286    0000064     0  0  0  0  0 10       L    0
    287    0000066     0  0  0  1  0 10       L    0
    288    0000066     0  0  0  0  0 10       A    0
    289    0000068     0  0  0  1  0 10       A    0
    290    0000068     0  0  0  0  0 10       N    0
    291    0000000     0  0  0  1  0 10           0
    292    0000000     0  0  0  0  0 10     <SOH>  0
    293    0000002     0  0  0  1  0 10     <SOH>  0
    294    0000002     0  0  0  0  0 10     <STX>  0
    295    0000002     0  0  0  1  0 10           0
    296    0000002     0  0  0  0  0 10     <STX>  0
    297    0000004     0  0  0  1  0 10     <STX>  0
    298    0000004     0  0  0  0  0 10     <NUL>  0
    299    0000006     0  0  0  1  0 10     <NUL>  0
    300    0000006     0  0  0  0  0 10           0
    301    0000000     0  0  0  1  0 10           0
    302    0000000     0  0  0  0  0 10     <SOH>  0
    303    0000002     0  0  0  1  0 10     <SOH>  0
    304    0000002     0  0  0  0  0 10     <STX>  0
    305    0000000     0  0  0  1  0 10     <STX>  0
    306    0000000     0  0  0  0  0 10     <SOH>  0
    307    0000002     0  0  0  1  0 10     <SOH>  0
    308    0000002     0  0  0  0  0 10     <STX>  0
    309    0000008     0  0  0  1  0 10     <STX>  0
    310    0000008     0  0  0  0  0 10     <ETB>  0
    311    000000A     0  0  0  1  0 10     <ETB>  0
    312    000000A     0  0  0  0  0 10     <ETX>  0
    313    0000008     0  0  0  1  0 10     <ETX>  0
    314    0000008     0  0  0  0  0 10     <ETB>  0
    315    000000A     0  0  0  1  0 10     <ETB>  0
    316    000000A     0  0  0  0  0 10     <ETX>  0
    317    0000012     0  0  0  1  0 10     <ETX>  0
    318    0000012     0  0  0  0  0 10            0
    319    0000014     0  0  0  1  0 10            0
    320    0000014     0  0  0  0  0 10     <EOT>  0
    321    0000012     0  0  0  1  0 10     <EOT>  0
    322    0000012     0  0  0  0  0 10            0
    323    0000014     0  0  0  1  0 10            0
    324    0000014     0  0  0  0  0 10     <EOT>  0
    325    000001E     0  0  0  1  0 10     <EOT>  0
    326    000001E     0  0  0  0  0 10       !    0
    327    0000020     0  0  0  1  0 10       !    0
    328    0000020     0  0  0  0  0 10     <STX>  0
    329    0000020     0  0  0  1  0 10           0
    330    0000020     0  0  0  0  0 10     <STX>  0
    331    0000022     0  0  0  1  0 10     <STX>  0
    332    0000022     0  0  0  0  0 10     <ACK>  0
    333    0000024     0  0  0  1  0 10     <ACK>  0
    334    0000024     0  0  0  0  0 10     <NUL>  0
    335    0000000     0  0  0  1  0 10           0
    336    0000000     0  0  0  0  0 10     <SOH>  0
    337    0000002     0  0  0  1  0 10     <SOH>  0
    338    0000002     0  0  0  0  0 10     <STX>  0
    339    0000000     0  0  0  1  0 10     <STX>  0
    340    0000000     0  0  0  0  0 10     <SOH>  0
    341    0000002     0  0  0  1  0 10     <SOH>  0
    342    0000002     0  0  0  0  0 10     <STX>  0
    343    0000008     0  0  0  1  0 10     <STX>  0
    344    0000008     0  0  0  0  0 10     <ETB>  0
    345    000000A     0  0  0  1  0 10     <ETB>  0
    346    000000A     0  0  0  0  0 10     <ETX>  0
    347    0000008     0  0  0  1  0 10     <ETX>  0
    348    0000008     0  0  0  0  0 10     <ETB>  0
    349    000000A     0  0  0  1  0 10     <ETB>  0
    350    000000A     0  0  0  0  0 10     <ETX>  0
    351    0000012     0  0  0  1  0 10     <ETX>  0
    352    0000012     0  0  0  0  0 10            0
    353    0000014     0  0  0  1  0 10            0
    354    0000014     0  0  0  0  0 10     <EOT>  0
    355    0000014     0  0  0  1  0 10           0
    356    0000014     0  0  0  0  0 10     <EOT>  0
    357    0000016     0  0  0  1  0 10     <EOT>  0
    358    0000016     0  0  0  0  0 10     <SOH>  0
    359    0000018     0  0  0  1  0 10     <SOH>  0
    360    0000018     0  0  0  0  0 10     <SOH>  0
    361    000001A     0  0  0  1  0 10     <SOH>  0
    362    000001A     0  0  0  0  0 10     <HT >  0
    363    000001C     0  0  0  1  0 10     <HT >  0
    364    000001C     0  0  0  0  0 10     <ENQ>  0
    365    0000000     0  0  0  1  0 10           0
    366    0000000     0  0  0  0  0 10     <SOH>  0
    367    0000002     0  0  0  1  0 10     <SOH>  0
    368    0000002     0  0  0  0  0 10     <STX>  0
    369    0000000     0  0  0  1  0 10     <STX>  0
    370    0000000     0  0  0  0  0 10     <SOH>  0
    371    0000002     0  0  0  1  0 10     <SOH>  0
    372    0000002     0  0  0  0  0 10     <STX>  0
    373    0000008     0  0  0  1  0 10     <STX>  0
    374    0000008     0  0  0  0  0 10     <ETB>  0
    375    000000A     0  0  0  1  0 10     <ETB>  0
    376    000000A     0  0  0  0  0 10     <ETX>  0
    377    0000008     0  0  0  1  0 10     <ETX>  0
    378    0000008     0  0  0  0  0 10     <ETB>  0
    379    000000A     0  0  0  1  0 10     <ETB>  0
    380    000000A     0  0  0  0  0 10     <ETX>  0
    381    0000012     0  0  0  1  0 10     <ETX>  0
    382    0000012     0  0  0  0  0 10            0
    383    0000014     0  0  0  1  0 10            0
    384    0000014     0  0  0  0  0 10     <EOT>  0
    385    0000012     0  0  0  1  0 10     <EOT>  0
    386    0000012     0  0  0  0  0 10            0
    387    0000014     0  0  0  1  0 10            0
    388    0000014     0  0  0  0  0 10     <EOT>  0
    389    000001E     0  0  0  1  0 10     <EOT>  0
    390    000001E     0  0  0  0  0 10       !    0
    391    0000020     0  0  0  1  0 10       !    0
    392    0000020     0  0  0  0  0 10     <STX>  0
    393    000001E     0  0  0  1  0 10     <STX>  0
    394    000001E     0  0  0  0  0 10       !    0
    395    0000020     0  0  0  1  0 10       !    0
    396    0000020     0  0  0  0  0 10     <STX>  0
    397    0000026     0  0  0  1  0 10     <STX>  0
    398    0000026     0  0  0  0  0 10     <NAK>  0
    399    0000028     0  0  0  1  0 10     <NAK>  0
    400    0000028     0  0  0  0  0 10       .    0
    401    0000026     0  0  0  1  0 10       .    0
    402    0000026     0  0  0  0  0 10     <NAK>  0
    403    0000028     0  0  0  1  0 10     <NAK>  0
    404    0000028     0  0  0  0  0 10       .    0
    405    0000086     0  0  0  1  0 10       .    0
    406    0000086     0  0  0  0  0 10     <SUB>  0
    407    0000088     0  0  0  1  0 10     <SUB>  0
    408    0000088     0  0  0  0  0 10     <ACK>  0
    409    0000088     0  0  0  1  0 10           0
    410    0000088     0  0  0  0  0 10     <ACK>  0
    411    000008A     0  0  0  1  0 10     <ACK>  0
    412    000008A     0  0  0  0  0 10     <STX>  0
    413    000008C     0  0  0  1  0 10     <STX>  0
    414    000008C     0  0  0  0  0 10     <ETX>  0
    415    000008E     0  0  0  1  0 10     <ETX>  0
    416    000008E     0  0  0  0  0 10     <NUL>  0
    417    0000090     0  0  0  1  0 10     <NUL>  0
    418    0000090     0  0  0  0  0 10     <NUL>  0
    419    0000092     0  0  0  1  0 10     <NUL>  0
    420    0000092     0  0  0  0  0 10     <SOH>  0
    421    0000094     0  0  0  1  0 10     <SOH>  0
    422    0000094     0  0  0  0  0 10     <ETX>  0
    423    0000000     0  0  0  1  0 10           0
    424    0000000     0  0  0  0  0 10     <SOH>  0
    425    0000002     0  0  0  1  0 10     <SOH>  0
    426    0000002     0  0  0  0  0 10     <STX>  0
    427    0000002     0  0  0  1  0 10           0
    428    0000002     0  0  0  0  0 10     <STX>  0
    429    0000004     0  0  0  1  0 10     <STX>  0
    430    0000004     0  0  0  0  0 10     <NUL>  0
    431    0000006     0  0  0  1  0 10     <NUL>  0
    432    0000006     0  0  0  0  0 10           0
    433    0000000     0  0  0  1  0 10           0
    434    0000000     0  0  0  0  0 10     <SOH>  0
    435    0000002     0  0  0  1  0 10     <SOH>  0
    436    0000002     0  0  0  0  0 10     <STX>  0
    437    0000000     0  0  0  1  0 10     <STX>  0
    438    0000000     0  0  0  0  0 10     <SOH>  0
    439    0000002     0  0  0  1  0 10     <SOH>  0
    440    0000002     0  0  0  0  0 10     <STX>  0
    441    0000008     0  0  0  1  0 10     <STX>  0
    442    0000008     0  0  0  0  0 10     <ETB>  0
    443    000000A     0  0  0  1  0 10     <ETB>  0
    444    000000A     0  0  0  0  0 10     <ETX>  0
    445    000000A     0  0  0  1  0 10           0
    446    000000A     0  0  0  0  0 10     <ETX>  0
    447    000000C     0  0  0  1  0 10     <ETX>  0
    448    000000C     0  0  0  0  0 10       C    0
    449    000000E     0  0  0  1  0 10       C    0
    450    000000E     0  0  0  0  0 10     <STX>  0
    451    0000010     0  0  0  1  0 10     <STX>  0
    452    0000010     0  0  0  0  0 10           0
    453    0000000     0  0  0  1  0 10           0
    454    0000000     0  0  0  0  0 10     <SOH>  0
    455    0000002     0  0  0  1  0 10     <SOH>  0
    456    0000002     0  0  0  0  0 10     <STX>  0
    457    0000000     0  0  0  1  0 10     <STX>  0
    458    0000000     0  0  0  0  0 10     <SOH>  0
    459    0000002     0  0  0  1  0 10     <SOH>  0
    460    0000002     0  0  0  0  0 10     <STX>  0
    461    0000008     0  0  0  1  0 10     <STX>  0
    462    0000008     0  0  0  0  0 10     <ETB>  0
    463    000000A     0  0  0  1  0 10     <ETB>  0
    464    000000A     0  0  0  0  0 10     <ETX>  0
    465    0000008     0  0  0  1  0 10     <ETX>  0
    466    0000008     0  0  0  0  0 10     <ETB>  0
    467    000000A     0  0  0  1  0 10     <ETB>  0
    468    000000A     0  0  0  0  0 10     <ETX>  0
    469    0000012     0  0  0  1  0 10     <ETX>  0
    470    0000012     0  0  0  0  0 10            0
    471    0000014     0  0  0  1  0 10            0
    472    0000014     0  0  0  0  0 10     <EOT>  0
    473    0000012     0  0  0  1  0 10     <EOT>  0
    474    0000012     0  0  0  0  0 10            0
    475    0000014     0  0  0  1  0 10            0
    476    0000014     0  0  0  0  0 10     <EOT>  0
    477    000001E     0  0  0  1  0 10     <EOT>  0
    478    000001E     0  0  0  0  0 10       !    0
    479    0000020     0  0  0  1  0 10       !    0
    480    0000020     0  0  0  0  0 10     <STX>  0
    481    000001E     0  0  0  1  0 10     <STX>  0
    482    000001E     0  0  0  0  0 10       !    0
    483    0000020     0  0  0  1  0 10       !    0
    484    0000020     0  0  0  0  0 10     <STX>  0
    485    0000026     0  0  0  1  0 10     <STX>  0
    486    0000026     0  0  0  0  0 10     <NAK>  0
    487    0000028     0  0  0  1  0 10     <NAK>  0
    488    0000028     0  0  0  0  0 10       .    0
    489    0000026     0  0  0  1  0 10       .    0
    490    0000026     0  0  0  0  0 10     <NAK>  0
    491    0000028     0  0  0  1  0 10     <NAK>  0
    492    0000028     0  0  0  0  0 10       .    0
    493    0000086     0  0  0  1  0 10       .    0
    494    0000086     0  0  0  0  0 10     <SUB>  0
    495    0000088     0  0  0  1  0 10     <SUB>  0
    496    0000088     0  0  0  0  0 10     <ACK>  0
    497    0000086     0  0  0  1  0 10     <ACK>  0
    498    0000086     0  0  0  0  0 10     <SUB>  0
    499    0000088     0  0  0  1  0 10     <SUB>  0
    500    0000088     0  0  0  0  0 10     <ACK>  0
    501    0000096     0  0  0  1  0 10     <ACK>  0
    502    0000096     0  0  0  0  0 10     <ESC>  0
    503    0000098     0  0  0  1  0 10     <ESC>  0
    504    0000098     0  0  0  0  0 10     <DC4>  0
    505    0000096     0  0  0  1  0 10     <DC4>  0
    506    0000096     0  0  0  0  0 10     <ESC>  0
    507    0000098     0  0  0  1  0 10     <ESC>  0
    508    0000098     0  0  0  0  0 10     <DC4>  0
    509    00000C2     0  0  0  1  0 10     <DC4>  0
    510    00000C2     0  0  0  0  0 10     <ESC>  0
    511    00000C4     0  0  0  1  0 10     <ESC>  0
    512    00000C4     0  0  0  0  0 10     <BEL>  0
    513    00000C2     0  0  0  1  0 10     <BEL>  0
    514    00000C2     0  0  0  0  0 10     <ESC>  0
    515    00000C4     0  0  0  1  0 10     <ESC>  0
    516    00000C4     0  0  0  0  0 10     <BEL>  0
    517    00000D4     0  0  0  1  0 10     <BEL>  0
    518    00000D4     0  0  0  0  0 10     <EOM>  0
    519    00000D6     0  0  0  1  0 10     <EOM>  0
    520    00000D6     0  0  0  0  0 10     <ETX>  0
    521    00000D4     0  0  0  1  0 10     <ETX>  0
    522    00000D4     0  0  0  0  0 10     <EOM>  0
    523    00000D6     0  0  0  1  0 10     <EOM>  0
    524    00000D6     0  0  0  0  0 10     <ETX>  0
    525    00000DE     0  0  0  1  0 10     <ETX>  0
    526    00000DE     0  0  0  0  0 10     <DC4>  0
    527    00000E0     0  0  0  1  0 10     <DC4>  0
    528    00000E0     0  0  0  0  0 10     <NUL>  0
    529    00000DE     0  0  0  1  0 10     <NUL>  0
    530    00000DE     0  0  0  0  0 10     <DC4>  0
    531    00000E0     0  0  0  1  0 10     <DC4>  0
    532    00000E0     0  0  0  0  0 10     <NUL>  0
    533    00000E2     0  0  0  1  0 10     <NUL>  0
    534    00000E2     0  0  0  0  0 10     <DLE>  0
    535    00000E4     0  0  0  1  0 10     <DLE>  0
    536    00000E4     0  0  0  0  0 10     <ENQ>  0
    537    00000E2     0  0  0  1  0 10     <ENQ>  0
    538    00000E2     0  0  0  0  0 10     <DLE>  0
    539    00000E4     0  0  0  1  0 10     <DLE>  0
    540    00000E4     0  0  0  0  0 10     <ENQ>  0
    541    00000F0     0  0  0  1  0 10     <ENQ>  0
    542    00000F0     0  0  0  0  0 10           0
    543    00000F2     0  0  0  1  0 10           0
    544    00000F2     0  0  0  0  0 10       s    0
    545    00000F0     0  0  0  1  0 10       s    0
    546    00000F0     0  0  0  0  0 10           0
    547    0000000     0  0  0  1  0 10           0
    548    0000000     0  0  0  0  0 10     <SOH>  0
    549    0000002     0  0  0  1  0 10     <SOH>  0
    550    0000002     0  0  0  0  0 10     <STX>  0
    551    0000000     0  0  0  1  0 10     <STX>  0
    552    0000000     0  0  0  0  0 10     <SOH>  0
    553    0000002     0  0  0  1  0 10     <SOH>  0
    554    0000002     0  0  0  0  0 10     <STX>  0
    555    0000008     0  0  0  1  0 10     <STX>  0
    556    0000008     0  0  0  0  0 10     <ETB>  0
    557    000000A     0  0  0  1  0 10     <ETB>  0
    558    000000A     0  0  0  0  0 10     <ETX>  0
    559    0000008     0  0  0  1  0 10     <ETX>  0
    560    0000008     0  0  0  0  0 10     <ETB>  0
    561    000000A     0  0  0  1  0 10     <ETB>  0
    562    000000A     0  0  0  0  0 10     <ETX>  0
    563    0000012     0  0  0  1  0 10     <ETX>  0
    564    0000012     0  0  0  0  0 10            0
    565    0000014     0  0  0  1  0 10            0
    566    0000014     0  0  0  0  0 10     <EOT>  0
    567    0000012     0  0  0  1  0 10     <EOT>  0
    568    0000012     0  0  0  0  0 10            0
    569    0000014     0  0  0  1  0 10            0
    570    0000014     0  0  0  0  0 10     <EOT>  0
    571    000001E     0  0  0  1  0 10     <EOT>  0
    572    000001E     0  0  0  0  0 10       !    0
    573    0000020     0  0  0  1  0 10       !    0
    574    0000020     0  0  0  0  0 10     <STX>  0
    575    000001E     0  0  0  1  0 10     <STX>  0
    576    000001E     0  0  0  0  0 10       !    0
    577    0000020     0  0  0  1  0 10       !    0
    578    0000020     0  0  0  0  0 10     <STX>  0
    579    0000026     0  0  0  1  0 10     <STX>  0
    580    0000026     0  0  0  0  0 10     <NAK>  0
    581    0000028     0  0  0  1  0 10     <NAK>  0
    582    0000028     0  0  0  0  0 10       .    0
    583    0000026     0  0  0  1  0 10       .    0
    584    0000026     0  0  0  0  0 10     <NAK>  0
    585    0000028     0  0  0  1  0 10     <NAK>  0
    586    0000028     0  0  0  0  0 10       .    0
    587    0000086     0  0  0  1  0 10       .    0
    588    0000086     0  0  0  0  0 10     <SUB>  0
    589    0000088     0  0  0  1  0 10     <SUB>  0
    590    0000088     0  0  0  0  0 10     <ACK>  0
    591    0000086     0  0  0  1  0 10     <ACK>  0
    592    0000086     0  0  0  0  0 10     <SUB>  0
    593    0000088     0  0  0  1  0 10     <SUB>  0
    594    0000088     0  0  0  0  0 10     <ACK>  0
    595    0000096     0  0  0  1  0 10     <ACK>  0
    596    0000096     0  0  0  0  0 10     <ESC>  0
    597    0000098     0  0  0  1  0 10     <ESC>  0
    598    0000098     0  0  0  0  0 10     <DC4>  0
    599    0000096     0  0  0  1  0 10     <DC4>  0
    600    0000096     0  0  0  0  0 10     <ESC>  0
    601    0000098     0  0  0  1  0 10     <ESC>  0
    602    0000098     0  0  0  0  0 10     <DC4>  0
    603    00000C2     0  0  0  1  0 10     <DC4>  0
    604    00000C2     0  0  0  0  0 10     <ESC>  0
    605    00000C4     0  0  0  1  0 10     <ESC>  0
    606    00000C4     0  0  0  0  0 10     <BEL>  0
    607    00000C2     0  0  0  1  0 10     <BEL>  0
    608    00000C2     0  0  0  0  0 10     <ESC>  0
    609    00000C4     0  0  0  1  0 10     <ESC>  0
    610    00000C4     0  0  0  0  0 10     <BEL>  0
    611    00000D4     0  0  0  1  0 10     <BEL>  0
    612    00000D4     0  0  0  0  0 10     <EOM>  0
    613    00000D6     0  0  0  1  0 10     <EOM>  0
    614    00000D6     0  0  0  0  0 10     <ETX>  0
    615    00000D6     0  0  0  1  0 10           0
    616    00000D6     0  0  0  0  0 10     <ETX>  0
    617    00000D8     0  0  0  1  0 10     <ETX>  0
    618    00000D8     0  0  0  0  0 10     <NUL>  0
    619    00000DA     0  0  0  1  0 10     <NUL>  0
    620    00000DA     0  0  0  0  0 10     <NUL>  0
    621    00000DC     0  0  0  1  0 10     <NUL>  0
    622    00000DC     0  0  0  0  0 10           0
    623    0000000     0  0  0  1  0 10           0
    624    0000000     0  0  0  0  0 10     <SOH>  0
    625    0000002     0  0  0  1  0 10     <SOH>  0
    626    0000002     0  0  0  0  0 10     <STX>  0
    627    0000000     0  0  0  1  0 10     <STX>  0
    628    0000000     0  0  0  0  0 10     <SOH>  0
    629    0000002     0  0  0  1  0 10     <SOH>  0
    630    0000002     0  0  0  0  0 10     <STX>  0
    631    0000008     0  0  0  1  0 10     <STX>  0
    632    0000008     0  0  0  0  0 10     <ETB>  0
    633    000000A     0  0  0  1  0 10     <ETB>  0
    634    000000A     0  0  0  0  0 10     <ETX>  0
    635    0000008     0  0  0  1  0 10     <ETX>  0
    636    0000008     0  0  0  0  0 10     <ETB>  0
    637    000000A     0  0  0  1  0 10     <ETB>  0
    638    000000A     0  0  0  0  0 10     <ETX>  0
    639    0000012     0  0  0  1  0 10     <ETX>  0
    640    0000012     0  0  0  0  0 10            0
    641    0000014     0  0  0  1  0 10            0
    642    0000014     0  0  0  0  0 10     <EOT>  0
    643    0000012     0  0  0  1  0 10     <EOT>  0
    644    0000012     0  0  0  0  0 10            0
    645    0000014     0  0  0  1  0 10            0
    646    0000014     0  0  0  0  0 10     <EOT>  0
    647    000001E     0  0  0  1  0 10     <EOT>  0
    648    000001E     0  0  0  0  0 10       !    0
    649    0000020     0  0  0  1  0 10       !    0
    650    0000020     0  0  0  0  0 10     <STX>  0
    651    000001E     0  0  0  1  0 10     <STX>  0
    652    000001E     0  0  0  0  0 10       !    0
    653    0000020     0  0  0  1  0 10       !    0
    654    0000020     0  0  0  0  0 10     <STX>  0
    655    0000026     0  0  0  1  0 10     <STX>  0
    656    0000026     0  0  0  0  0 10     <NAK>  0
    657    0000028     0  0  0  1  0 10     <NAK>  0
    658    0000028     0  0  0  0  0 10       .    0
    659    0000026     0  0  0  1  0 10       .    0
    660    0000026     0  0  0  0  0 10     <NAK>  0
    661    0000028     0  0  0  1  0 10     <NAK>  0
    662    0000028     0  0  0  0  0 10       .    0
    663    0000086     0  0  0  1  0 10       .    0
    664    0000086     0  0  0  0  0 10     <SUB>  0
    665    0000088     0  0  0  1  0 10     <SUB>  0
    666    0000088     0  0  0  0  0 10     <ACK>  0
    667    0000086     0  0  0  1  0 10     <ACK>  0
    668    0000086     0  0  0  0  0 10     <SUB>  0
    669    0000088     0  0  0  1  0 10     <SUB>  0
    670    0000088     0  0  0  0  0 10     <ACK>  0
    671    0000096     0  0  0  1  0 10     <ACK>  0
    672    0000096     0  0  0  0  0 10     <ESC>  0
    673    0000098     0  0  0  1  0 10     <ESC>  0
    674    0000098     0  0  0  0  0 10     <DC4>  0
    675    0000096     0  0  0  1  0 10     <DC4>  0
    676    0000096     0  0  0  0  0 10     <ESC>  0
    677    0000098     0  0  0  1  0 10     <ESC>  0
    678    0000098     0  0  0  0  0 10     <DC4>  0
    679    00000C2     0  0  0  1  0 10     <DC4>  0
    680    00000C2     0  0  0  0  0 10     <ESC>  0
    681    00000C4     0  0  0  1  0 10     <ESC>  0
    682    00000C4     0  0  0  0  0 10     <BEL>  0
    683    00000C2     0  0  0  1  0 10     <BEL>  0
    684    00000C2     0  0  0  0  0 10     <ESC>  0
    685    00000C4     0  0  0  1  0 10     <ESC>  0
    686    00000C4     0  0  0  0  0 10     <BEL>  0
    687    00000D4     0  0  0  1  0 10     <BEL>  0
    688    00000D4     0  0  0  0  0 10     <EOM>  0
    689    00000D6     0  0  0  1  0 10     <EOM>  0
    690    00000D6     0  0  0  0  0 10     <ETX>  0
    691    00000D4     0  0  0  1  0 10     <ETX>  0
    692    00000D4     0  0  0  0  0 10     <EOM>  0
    693    00000D6     0  0  0  1  0 10     <EOM>  0
    694    00000D6     0  0  0  0  0 10     <ETX>  0
    695    00000DE     0  0  0  1  0 10     <ETX>  0
    696    00000DE     0  0  0  0  0 10     <DC4>  0
    697    00000E0     0  0  0  1  0 10     <DC4>  0
    698    00000E0     0  0  0  0  0 10     <NUL>  0
    699    00000DE     0  0  0  1  0 10     <NUL>  0
    700    00000DE     0  0  0  0  0 10     <DC4>  0
    701    00000E0     0  0  0  1  0 10     <DC4>  0
    702    00000E0     0  0  0  0  0 10     <NUL>  0
    703    00000E2     0  0  0  1  0 10     <NUL>  0
    704    00000E2     0  0  0  0  0 10     <DLE>  0
    705    00000E4     0  0  0  1  0 10     <DLE>  0
    706    00000E4     0  0  0  0  0 10     <ENQ>  0
    707    00000E2     0  0  0  1  0 10     <ENQ>  0
    708    00000E2     0  0  0  0  0 10     <DLE>  0
    709    00000E4     0  0  0  1  0 10     <DLE>  0
    710    00000E4     0  0  0  0  0 10     <ENQ>  0
    711    00000F0     0  0  0  1  0 10     <ENQ>  0
    712    00000F0     0  0  0  0  0 10           0
    713    00000F2     0  0  0  1  0 10           0
    714    00000F2     0  0  0  0  0 10       s    0
    715    00000F0     0  0  0  1  0 10       s    0
    716    00000F0     0  0  0  0  0 10           0
    717    0000000     0  0  0  1  0 10           0
    718    0000000     0  0  0  0  0 10     <SOH>  0
    719    0000002     0  0  0  1  0 10     <SOH>  0
    720    0000002     0  0  0  0  0 10     <STX>  0
    721    0000000     0  0  0  1  0 10     <STX>  0
    722    0000000     0  0  0  0  0 10     <SOH>  0
    723    0000002     0  0  0  1  0 10     <SOH>  0
    724    0000002     0  0  0  0  0 10     <STX>  0
    725    0000008     0  0  0  1  0 10     <STX>  0
    726    0000008     0  0  0  0  0 10     <ETB>  0
    727    000000A     0  0  0  1  0 10     <ETB>  0
    728    000000A     0  0  0  0  0 10     <ETX>  0
    729    0000008     0  0  0  1  0 10     <ETX>  0
    730    0000008     0  0  0  0  0 10     <ETB>  0
    731    000000A     0  0  0  1  0 10     <ETB>  0
    732    000000A     0  0  0  0  0 10     <ETX>  0
    733    0000012     0  0  0  1  0 10     <ETX>  0
    734    0000012     0  0  0  0  0 10            0
    735    0000014     0  0  0  1  0 10            0
    736    0000014     0  0  0  0  0 10     <EOT>  0
    737    0000012     0  0  0  1  0 10     <EOT>  0
    738    0000012     0  0  0  0  0 10            0
    739    0000014     0  0  0  1  0 10            0
    740    0000014     0  0  0  0  0 10     <EOT>  0
    741    000001E     0  0  0  1  0 10     <EOT>  0
    742    000001E     0  0  0  0  0 10       !    0
    743    0000020     0  0  0  1  0 10       !    0
    744    0000020     0  0  0  0  0 10     <STX>  0
    745    000001E     0  0  0  1  0 10     <STX>  0
    746    000001E     0  0  0  0  0 10       !    0
    747    0000020     0  0  0  1  0 10       !    0
    748    0000020     0  0  0  0  0 10     <STX>  0
    749    0000026     0  0  0  1  0 10     <STX>  0
    750    0000026     0  0  0  0  0 10     <NAK>  0
    751    0000028     0  0  0  1  0 10     <NAK>  0
    752    0000028     0  0  0  0  0 10       .    0
    753    0000026     0  0  0  1  0 10       .    0
    754    0000026     0  0  0  0  0 10     <NAK>  0
    755    0000028     0  0  0  1  0 10     <NAK>  0
    756    0000028     0  0  0  0  0 10       .    0
    757    0000086     0  0  0  1  0 10       .    0
    758    0000086     0  0  0  0  0 10     <SUB>  0
    759    0000088     0  0  0  1  0 10     <SUB>  0
    760    0000088     0  0  0  0  0 10     <ACK>  0
    761    0000086     0  0  0  1  0 10     <ACK>  0
    762    0000086     0  0  0  0  0 10     <SUB>  0
    763    0000088     0  0  0  1  0 10     <SUB>  0
    764    0000088     0  0  0  0  0 10     <ACK>  0
    765    0000096     0  0  0  1  0 10     <ACK>  0
    766    0000096     0  0  0  0  0 10     <ESC>  0
    767    0000098     0  0  0  1  0 10     <ESC>  0
    768    0000098     0  0  0  0  0 10     <DC4>  0
    769    0000096     0  0  0  1  0 10     <DC4>  0
    770    0000096     0  0  0  0  0 10     <ESC>  0
    771    0000098     0  0  0  1  0 10     <ESC>  0
    772    0000098     0  0  0  0  0 10     <DC4>  0
    773    00000C2     0  0  0  1  0 10     <DC4>  0
    774    00000C2     0  0  0  0  0 10     <ESC>  0
    775    00000C4     0  0  0  1  0 10     <ESC>  0
    776    00000C4     0  0  0  0  0 10     <BEL>  0
    777    00000C2     0  0  0  1  0 10     <BEL>  0
    778    00000C2     0  0  0  0  0 10     <ESC>  0
    779    00000C4     0  0  0  1  0 10     <ESC>  0
    780    00000C4     0  0  0  0  0 10     <BEL>  0
    781    00000D4     0  0  0  1  0 10     <BEL>  0
    782    00000D4     0  0  0  0  0 10     <EOM>  0
    783    00000D6     0  0  0  1  0 10     <EOM>  0
    784    00000D6     0  0  0  0  0 10     <ETX>  0
    785    00000D4     0  0  0  1  0 10     <ETX>  0
    786    00000D4     0  0  0  0  0 10     <EOM>  0
    787    00000D6     0  0  0  1  0 10     <EOM>  0
    788    00000D6     0  0  0  0  0 10     <ETX>  0
    789    00000DE     0  0  0  1  0 10     <ETX>  0
    790    00000DE     0  0  0  0  0 10     <DC4>  0
    791    00000E0     0  0  0  1  0 10     <DC4>  0
    792    00000E0     0  0  0  0  0 10     <NUL>  0
    793    00000DE     0  0  0  1  0 10     <NUL>  0
    794    00000DE     0  0  0  0  0 10     <DC4>  0
    795    00000E0     0  0  0  1  0 10     <DC4>  0
    796    00000E0     0  0  0  0  0 10     <NUL>  0
    797    00000E2     0  0  0  1  0 10     <NUL>  0
    798    00000E2     0  0  0  0  0 10     <DLE>  0
    799    00000E4     0  0  0  1  0 10     <DLE>  0
    800    00000E4     0  0  0  0  0 10     <ENQ>  0
    801    00000E2     0  0  0  1  0 10     <ENQ>  0
    802    00000E2     0  0  0  0  0 10     <DLE>  0
    803    00000E4     0  0  0  1  0 10     <DLE>  0
    804    00000E4     0  0  0  0  0 10     <ENQ>  0
    805    00000F0     0  0  0  1  0 10     <ENQ>  0
    806    00000F0     0  0  0  0  0 10           0
    807    00000F2     0  0  0  1  0 10           0
    808    00000F2     0  0  0  0  0 10       s    0
    809    00000F0     0  0  0  1  0 10       s    0
    810    00000F0     0  0  0  0  0 10           0
    811    0000000     0  0  0  1  0 10           0
    812    0000000     0  0  0  0  0 10     <SOH>  0
    813    0000002     0  0  0  1  0 10     <SOH>  0
    814    0000002     0  0  0  0  0 10     <STX>  0
    815    0000000     0  0  0  1  0 10     <STX>  0
    816    0000000     0  0  0  0  0 10     <SOH>  0
    817    0000002     0  0  0  1  0 10     <SOH>  0
    818    0000002     0  0  0  0  0 10     <STX>  0
    819    0000008     0  0  0  1  0 10     <STX>  0
    820    0000008     0  0  0  0  0 10     <ETB>  0
    821    000000A     0  0  0  1  0 10     <ETB>  0
    822    000000A     0  0  0  0  0 10     <ETX>  0
    823    0000008     0  0  0  1  0 10     <ETX>  0
    824    0000008     0  0  0  0  0 10     <ETB>  0
    825    000000A     0  0  0  1  0 10     <ETB>  0
    826    000000A     0  0  0  0  0 10     <ETX>  0
    827    0000012     0  0  0  1  0 10     <ETX>  0
    828    0000012     0  0  0  0  0 10            0
    829    0000014     0  0  0  1  0 10            0
    830    0000014     0  0  0  0  0 10     <EOT>  0
    831    0000012     0  0  0  1  0 10     <EOT>  0
    832    0000012     0  0  0  0  0 10            0
    833    0000014     0  0  0  1  0 10            0
    834    0000014     0  0  0  0  0 10     <EOT>  0
    835    000001E     0  0  0  1  0 10     <EOT>  0
    836    000001E     0  0  0  0  0 10       !    0
    837    0000020     0  0  0  1  0 10       !    0
    838    0000020     0  0  0  0  0 10     <STX>  0
    839    000001E     0  0  0  1  0 10     <STX>  0
    840    000001E     0  0  0  0  0 10       !    0
    841    0000020     0  0  0  1  0 10       !    0
    842    0000020     0  0  0  0  0 10     <STX>  0
    843    0000026     0  0  0  1  0 10     <STX>  0
    844    0000026     0  0  0  0  0 10     <NAK>  0
    845    0000028     0  0  0  1  0 10     <NAK>  0
    846    0000028     0  0  0  0  0 10       .    0
    847    0000026     0  0  0  1  0 10       .    0
    848    0000026     0  0  0  0  0 10     <NAK>  0
    849    0000028     0  0  0  1  0 10     <NAK>  0
    850    0000028     0  0  0  0  0 10       .    0
    851    0000086     0  0  0  1  0 10       .    0
    852    0000086     0  0  0  0  0 10     <SUB>  0
    853    0000088     0  0  0  1  0 10     <SUB>  0
    854    0000088     0  0  0  0  0 10     <ACK>  0
    855    0000086     0  0  0  1  0 10     <ACK>  0
    856    0000086     0  0  0  0  0 10     <SUB>  0
    857    0000088     0  0  0  1  0 10     <SUB>  0
    858    0000088     0  0  0  0  0 10     <ACK>  0
    859    0000096     0  0  0  1  0 10     <ACK>  0
    860    0000096     0  0  0  0  0 10     <ESC>  0
    861    0000098     0  0  0  1  0 10     <ESC>  0
    862    0000098     0  0  0  0  0 10     <DC4>  0
    863    0000096     0  0  0  1  0 10     <DC4>  0
    864    0000096     0  0  0  0  0 10     <ESC>  0
    865    0000098     0  0  0  1  0 10     <ESC>  0
    866    0000098     0  0  0  0  0 10     <DC4>  0
    867    00000C2     0  0  0  1  0 10     <DC4>  0
    868    00000C2     0  0  0  0  0 10     <ESC>  0
    869    00000C4     0  0  0  1  0 10     <ESC>  0
    870    00000C4     0  0  0  0  0 10     <BEL>  0
    871    00000C2     0  0  0  1  0 10     <BEL>  0
    872    00000C2     0  0  0  0  0 10     <ESC>  0
    873    00000C4     0  0  0  1  0 10     <ESC>  0
    874    00000C4     0  0  0  0  0 10     <BEL>  0
    875    00000D4     0  0  0  1  0 10     <BEL>  0
    876    00000D4     0  0  0  0  0 10     <EOM>  0
    877    00000D6     0  0  0  1  0 10     <EOM>  0
    878    00000D6     0  0  0  0  0 10     <ETX>  0
    879    00000D4     0  0  0  1  0 10     <ETX>  0
    880    00000D4     0  0  0  0  0 10     <EOM>  0
    881    00000D6     0  0  0  1  0 10     <EOM>  0
    882    00000D6     0  0  0  0  0 10     <ETX>  0
    883    00000DE     0  0  0  1  0 10     <ETX>  0
    884    00000DE     0  0  0  0  0 10     <DC4>  0
    885    00000E0     0  0  0  1  0 10     <DC4>  0
    886    00000E0     0  0  0  0  0 10     <NUL>  0
    887    00000DE     0  0  0  1  0 10     <NUL>  0
    888    00000DE     0  0  0  0  0 10     <DC4>  0
    889    00000E0     0  0  0  1  0 10     <DC4>  0
    890    00000E0     0  0  0  0  0 10     <NUL>  0
    891    00000E2     0  0  0  1  0 10     <NUL>  0
    892    00000E2     0  0  0  0  0 10     <DLE>  0
    893    00000E4     0  0  0  1  0 10     <DLE>  0
    894    00000E4     0  0  0  0  0 10     <ENQ>  0
    895    00000E2     0  0  0  1  0 10     <ENQ>  0
    896    00000E2     0  0  0  0  0 10     <DLE>  0
    897    00000E4     0  0  0  1  0 10     <DLE>  0
    898    00000E4     0  0  0  0  0 10     <ENQ>  0
    899    00000F0     0  0  0  1  0 10     <ENQ>  0
    900    00000F0     0  0  0  0  0 10           0
    901    00000F2     0  0  0  1  0 10           0
    902    00000F2     0  0  0  0  0 10       s    0
    903    00000F0     0  0  0  1  0 10       s    0
    904    00000F0     0  0  0  0  0 10           0
    905    0000000     0  0  0  1  0 10           0
    906    0000000     0  0  0  0  0 10     <SOH>  0
    907    0000002     0  0  0  1  0 10     <SOH>  0
    908    0000002     0  0  0  0  0 10     <STX>  0
    909    0000000     0  0  0  1  0 10     <STX>  0
    910    0000000     0  0  0  0  0 10     <SOH>  0
    911    0000002     0  0  0  1  0 10     <SOH>  0
    912    0000002     0  0  0  0  0 10     <STX>  0
    913    0000008     0  0  0  1  0 10     <STX>  0
    914    0000008     0  0  0  0  0 10     <ETB>  0
    915    000000A     0  0  0  1  0 10     <ETB>  0
    916    000000A     0  0  0  0  0 10     <ETX>  0
    917    0000008     0  0  0  1  0 10     <ETX>  0
    918    0000008     0  0  0  0  0 10     <ETB>  0
    919    000000A     0  0  0  1  0 10     <ETB>  0
    920    000000A     0  0  0  0  0 10     <ETX>  0
    921    0000012     0  0  0  1  0 10     <ETX>  0
    922    0000012     0  0  0  0  0 10            0
    923    0000014     0  0  0  1  0 10            0
    924    0000014     0  0  0  0  0 10     <EOT>  0
    925    0000012     0  0  0  1  0 10     <EOT>  0
    926    0000012     0  0  0  0  0 10            0
    927    0000014     0  0  0  1  0 10            0
    928    0000014     0  0  0  0  0 10     <EOT>  0
    929    000001E     0  0  0  1  0 10     <EOT>  0
    930    000001E     0  0  0  0  0 10       !    0
    931    0000020     0  0  0  1  0 10       !    0
    932    0000020     0  0  0  0  0 10     <STX>  0
    933    0000020     0  0  0  1  0 10           0
    934    0000020     0  0  0  0  0 10     <STX>  0
    935    0000022     0  0  0  1  0 10     <STX>  0
    936    0000022     0  0  0  0  0 10     <ACK>  0
    937    0000024     0  0  0  1  0 10     <ACK>  0
    938    0000024     0  0  0  0  0 10     <NUL>  0
    939    0000000     0  0  0  1  0 10           0
    940    0000000     0  0  0  0  0 10     <SOH>  0
    941    0000002     0  0  0  1  0 10     <SOH>  0
    942    0000002     0  0  0  0  0 10     <STX>  0
    943    0000000     0  0  0  1  0 10     <STX>  0
    944    0000000     0  0  0  0  0 10     <SOH>  0
    945    0000002     0  0  0  1  0 10     <SOH>  0
    946    0000002     0  0  0  0  0 10     <STX>  0
    947    0000008     0  0  0  1  0 10     <STX>  0
    948    0000008     0  0  0  0  0 10     <ETB>  0
    949    000000A     0  0  0  1  0 10     <ETB>  0
    950    000000A     0  0  0  0  0 10     <ETX>  0
    951    0000008     0  0  0  1  0 10     <ETX>  0
    952    0000008     0  0  0  0  0 10     <ETB>  0
    953    000000A     0  0  0  1  0 10     <ETB>  0
    954    000000A     0  0  0  0  0 10     <ETX>  0
    955    0000012     0  0  0  1  0 10     <ETX>  0
    956    0000012     0  0  0  0  0 10            0
    957    0000014     0  0  0  1  0 10            0
    958    0000014     0  0  0  0  0 10     <EOT>  0
    959    0000012     0  0  0  1  0 10     <EOT>  0
    960    0000012     0  0  0  0  0 10            0
    961    0000014     0  0  0  1  0 10            0
    962    0000014     0  0  0  0  0 10     <EOT>  0
    963    000001E     0  0  0  1  0 10     <EOT>  0
    964    000001E     0  0  0  0  0 10       !    0
    965    0000020     0  0  0  1  0 10       !    0
    966    0000020     0  0  0  0  0 10     <STX>  0
    967    000001E     0  0  0  1  0 10     <STX>  0
    968    000001E     0  0  0  0  0 10       !    0
    969    0000020     0  0  0  1  0 10       !    0
    970    0000020     0  0  0  0  0 10     <STX>  0
    971    0000026     0  0  0  1  0 10     <STX>  0
    972    0000026     0  0  0  0  0 10     <NAK>  0
    973    0000028     0  0  0  1  0 10     <NAK>  0
    974    0000028     0  0  0  0  0 10       .    0
    975    0000028     0  0  0  1  0 10           0
    976    0000028     0  0  0  0  0 10       .    0
    977    000002A     0  0  0  1  0 10       .    0
    978    000002A     0  0  0  0  0 10     <EOT>  0
    979    000002C     0  0  0  1  0 10     <EOT>  0
    980    000002C     0  0  0  0  0 10     <SOH>  0
    981    000002E     0  0  0  1  0 10     <SOH>  0
    982    000002E     0  0  0  0  0 10       3    0
    983    0000030     0  0  0  1  0 10       3    0
    984    0000030     0  0  0  0  0 10       C    0
    985    0000032     0  0  0  1  0 10       C    0
    986    0000032     0  0  0  0  0 10       o    0
    987    0000034     0  0  0  1  0 10       o    0
    988    0000034     0  0  0  0  0 10       m    0
    989    0000036     0  0  0  1  0 10       m    0
    990    0000036     0  0  0  0  0 10     <NUL>  0
    991    0000038     0  0  0  1  0 10     <NUL>  0
    992    0000038     0  0  0  0  0 10       M    0
    993    000003A     0  0  0  1  0 10       M    0
    994    000003A     0  0  0  0  0 10       e    0
    995    000003C     0  0  0  1  0 10       e    0
    996    000003C     0  0  0  0  0 10       g    0
    997    000003E     0  0  0  1  0 10       g    0
    998    000003E     0  0  0  0  0 10       a    0
    999    0000040     0  0  0  1  0 10       a    0
   1000    0000040     0  0  0  0  0 10       h    0
   1001    0000042     0  0  0  1  0 10       h    0
   1002    0000042     0  0  0  0  0 10       e    0
   1003    0000044     0  0  0  1  0 10       e    0
   1004    0000044     0  0  0  0  0 10       r    0
   1005    0000046     0  0  0  1  0 10       r    0
   1006    0000046     0  0  0  0  0 10       t    0
   1007    0000048     0  0  0  1  0 10       t    0
   1008    0000048     0  0  0  0  0 10       z    0
   1009    000004A     0  0  0  1  0 10       z    0
   1010    000004A     0  0  0  0  0 10            0
   1011    000004C     0  0  0  1  0 10            0
   1012    000004C     0  0  0  0  0 10       5    0
   1013    000004E     0  0  0  1  0 10       5    0
   1014    000004E     0  0  0  0  0 10       8    0
   1015    0000050     0  0  0  1  0 10       8    0
   1016    0000050     0  0  0  0  0 10       9    0
   1017    0000052     0  0  0  1  0 10       9    0
   1018    0000052     0  0  0  0  0 10       E    0
   1019    0000054     0  0  0  1  0 10       E    0
   1020    0000054     0  0  0  0  0 10     <NUL>  0
   1021    0000056     0  0  0  1  0 10     <NUL>  0
   1022    0000056     0  0  0  0  0 10       T    0
   1023    0000058     0  0  0  1  0 10       T    0
   1024    0000058     0  0  0  0  0 10       P    0
   1025    000005A     0  0  0  1  0 10       P    0
   1026    000005A     0  0  0  0  0 10       /    0
   1027    000005C     0  0  0  1  0 10       /    0
   1028    000005C     0  0  0  0  0 10       B    0
   1029    000005E     0  0  0  1  0 10       B    0
   1030    000005E     0  0  0  0  0 10       N    0
   1031    0000060     0  0  0  1  0 10       N    0
   1032    0000060     0  0  0  0  0 10       C    0
   1033    0000062     0  0  0  1  0 10       C    0
   1034    0000062     0  0  0  0  0 10            0
   1035    0000064     0  0  0  1  0 10            0
   1036    0000064     0  0  0  0  0 10       L    0
   1037    0000066     0  0  0  1  0 10       L    0
   1038    0000066     0  0  0  0  0 10       A    0
   1039    0000068     0  0  0  1  0 10       A    0
   1040    0000068     0  0  0  0  0 10       N    0
   1041    000006A     0  0  0  1  0 10       N    0
   1042    000006A     0  0  0  0  0 10            0
   1043    000006C     0  0  0  1  0 10            0
   1044    000006C     0  0  0  0  0 10       P    0
   1045    000006E     0  0  0  1  0 10       P    0
   1046    000006E     0  0  0  0  0 10       C    0
   1047    0000070     0  0  0  1  0 10       C    0
   1048    0000070     0  0  0  0  0 10            0
   1049    0000072     0  0  0  1  0 10            0
   1050    0000072     0  0  0  0  0 10       C    0
   1051    0000074     0  0  0  1  0 10       C    0
   1052    0000074     0  0  0  0  0 10       a    0
   1053    0000076     0  0  0  1  0 10       a    0
   1054    0000076     0  0  0  0  0 10       r    0
   1055    0000078     0  0  0  1  0 10       r    0
   1056    0000078     0  0  0  0  0 10       d    0
   1057    000007A     0  0  0  1  0 10       d    0
   1058    000007A     0  0  0  0  0 10     <NUL>  0
   1059    000007C     0  0  0  1  0 10     <NUL>  0
   1060    000007C     0  0  0  0  0 10       0    0
   1061    000007E     0  0  0  1  0 10       0    0
   1062    000007E     0  0  0  0  0 10       0    0
   1063    0000080     0  0  0  1  0 10       0    0
   1064    0000080     0  0  0  0  0 10       5    0
   1065    0000082     0  0  0  1  0 10       5    0
   1066    0000082     0  0  0  0  0 10     <NUL>  0
   1067    0000084     0  0  0  1  0 10     <NUL>  0
   1068    0000084     0  0  0  0  0 10           0
   1069    0000000     0  0  0  1  0 10           0
   1070    0000000     0  0  0  0  0 10     <SOH>  0
   1071    0000002     0  0  0  1  0 10     <SOH>  0
   1072    0000002     0  0  0  0  0 10     <STX>  0
   1073    0000000     0  0  0  1  0 10     <STX>  0
   1074    0000000     0  0  0  0  0 10     <SOH>  0
   1075    0000002     0  0  0  1  0 10     <SOH>  0
   1076    0000002     0  0  0  0  0 10     <STX>  0
   1077    0000008     0  0  0  1  0 10     <STX>  0
   1078    0000008     0  0  0  0  0 10     <ETB>  0
   1079    000000A     0  0  0  1  0 10     <ETB>  0
   1080    000000A     0  0  0  0  0 10     <ETX>  0
   1081    0000008     0  0  0  1  0 10     <ETX>  0
   1082    0000008     0  0  0  0  0 10     <ETB>  0
   1083    000000A     0  0  0  1  0 10     <ETB>  0
   1084    000000A     0  0  0  0  0 10     <ETX>  0
   1085    0000012     0  0  0  1  0 10     <ETX>  0
   1086    0000012     0  0  0  0  0 10            0
   1087    0000014     0  0  0  1  0 10            0
   1088    0000014     0  0  0  0  0 10     <EOT>  0
   1089    0000012     0  0  0  1  0 10     <EOT>  0
   1090    0000012     0  0  0  0  0 10            0
   1091    0000014     0  0  0  1  0 10            0
   1092    0000014     0  0  0  0  0 10     <EOT>  0
   1093    000001E     0  0  0  1  0 10     <EOT>  0
   1094    000001E     0  0  0  0  0 10       !    0
   1095    0000020     0  0  0  1  0 10       !    0
   1096    0000020     0  0  0  0  0 10     <STX>  0
   1097    000001E     0  0  0  1  0 10     <STX>  0
   1098    000001E     0  0  0  0  0 10       !    0
   1099    0000020     0  0  0  1  0 10       !    0
   1100    0000020     0  0  0  0  0 10     <STX>  0
   1101    0000026     0  0  0  1  0 10     <STX>  0
   1102    0000026     0  0  0  0  0 10     <NAK>  0
   1103    0000028     0  0  0  1  0 10     <NAK>  0
   1104    0000028     0  0  0  0  0 10       .    0
   1105    0000026     0  0  0  1  0 10       .    0
   1106    0000026     0  0  0  0  0 10     <NAK>  0
   1107    0000028     0  0  0  1  0 10     <NAK>  0
   1108    0000028     0  0  0  0  0 10       .    0
   1109    0000086     0  0  0  1  0 10       .    0
   1110    0000086     0  0  0  0  0 10     <SUB>  0
   1111    0000088     0  0  0  1  0 10     <SUB>  0
   1112    0000088     0  0  0  0  0 10     <ACK>  0
   1113    0000088     0  0  0  1  0 10           0
   1114    0000088     0  0  0  0  0 10     <ACK>  0
   1115    000008A     0  0  0  1  0 10     <ACK>  0
   1116    000008A     0  0  0  0  0 10     <STX>  0
   1117    000008C     0  0  0  1  0 10     <STX>  0
   1118    000008C     0  0  0  0  0 10     <ETX>  0
   1119    000008E     0  0  0  1  0 10     <ETX>  0
   1120    000008E     0  0  0  0  0 10     <NUL>  0
   1121    0000090     0  0  0  1  0 10     <NUL>  0
   1122    0000090     0  0  0  0  0 10     <NUL>  0
   1123    0000092     0  0  0  1  0 10     <NUL>  0
   1124    0000092     0  0  0  0  0 10     <SOH>  0
   1125    0000094     0  0  0  1  0 10     <SOH>  0
   1126    0000094     0  0  0  0  0 10     <ETX>  0
   1127    0000000     0  0  0  1  0 10           0
   1128    0000000     0  0  0  0  0 10     <SOH>  0
   1129    0000002     0  0  0  1  0 10     <SOH>  0
   1130    0000002     0  0  0  0  0 10     <STX>  0
   1131    0000000     0  0  0  1  0 10     <STX>  0
   1132    0000000     0  0  0  0  0 10     <SOH>  0
   1133    0000002     0  0  0  1  0 10     <SOH>  0
   1134    0000002     0  0  0  0  0 10     <STX>  0
   1135    0000008     0  0  0  1  0 10     <STX>  0
   1136    0000008     0  0  0  0  0 10     <ETB>  0
   1137    000000A     0  0  0  1  0 10     <ETB>  0
   1138    000000A     0  0  0  0  0 10     <ETX>  0
   1139    0000008     0  0  0  1  0 10     <ETX>  0
   1140    0000008     0  0  0  0  0 10     <ETB>  0
   1141    000000A     0  0  0  1  0 10     <ETB>  0
   1142    000000A     0  0  0  0  0 10     <ETX>  0
   1143    0000012     0  0  0  1  0 10     <ETX>  0
   1144    0000012     0  0  0  0  0 10            0
   1145    0000014     0  0  0  1  0 10            0
   1146    0000014     0  0  0  0  0 10     <EOT>  0
   1147    0000012     0  0  0  1  0 10     <EOT>  0
   1148    0000012     0  0  0  0  0 10            0
   1149    0000014     0  0  0  1  0 10            0
   1150    0000014     0  0  0  0  0 10     <EOT>  0
   1151    000001E     0  0  0  1  0 10     <EOT>  0
   1152    000001E     0  0  0  0  0 10       !    0
   1153    0000020     0  0  0  1  0 10       !    0
   1154    0000020     0  0  0  0  0 10     <STX>  0
   1155    000001E     0  0  0  1  0 10     <STX>  0
   1156    000001E     0  0  0  0  0 10       !    0
   1157    0000020     0  0  0  1  0 10       !    0
   1158    0000020     0  0  0  0  0 10     <STX>  0
   1159    0000026     0  0  0  1  0 10     <STX>  0
   1160    0000026     0  0  0  0  0 10     <NAK>  0
   1161    0000028     0  0  0  1  0 10     <NAK>  0
   1162    0000028     0  0  0  0  0 10       .    0
   1163    0000026     0  0  0  1  0 10       .    0
   1164    0000026     0  0  0  0  0 10     <NAK>  0
   1165    0000028     0  0  0  1  0 10     <NAK>  0
   1166    0000028     0  0  0  0  0 10       .    0
   1167    0000086     0  0  0  1  0 10       .    0
   1168    0000086     0  0  0  0  0 10     <SUB>  0
   1169    0000088     0  0  0  1  0 10     <SUB>  0
   1170    0000088     0  0  0  0  0 10     <ACK>  0
   1171    0000086     0  0  0  1  0 10     <ACK>  0
   1172    0000086     0  0  0  0  0 10     <SUB>  0
   1173    0000088     0  0  0  1  0 10     <SUB>  0
   1174    0000088     0  0  0  0  0 10     <ACK>  0
   1175    0000096     0  0  0  1  0 10     <ACK>  0
   1176    0000096     0  0  0  0  0 10     <ESC>  0
   1177    0000098     0  0  0  1  0 10     <ESC>  0
   1178    0000098     0  0  0  0  0 10     <DC4>  0
   1179    0000098     0  0  0  1  0 10           0
   1180    0000098     0  0  0  0  0 10     <DC4>  0
   1181    000009A     0  0  0  1  0 10     <DC4>  0
   1182    000009A     0  0  0  0  0 10       A    0
   1183    000009C     0  0  0  1  0 10       A    0
   1184    000009C     0  0  0  0  0 10     <SOH>  0
   1185    000009E     0  0  0  1  0 10     <SOH>  0
   1186    000009E     0  0  0  0  0 10     <GS >  0
   1187    00000A0     0  0  0  1  0 10     <GS >  0
   1188    00000A0     0  0  0  0  0 10       q    0
   1189    00000A2     0  0  0  1  0 10       q    0
   1190    00000A2     0  0  0  0  0 10       U    0
   1191    00000A4     0  0  0  1  0 10       U    0
   1192    00000A4     0  0  0  0  0 10       5    0
   1193    00000A6     0  0  0  1  0 10       5    0
   1194    00000A6     0  0  0  0  0 10       U    0
   1195    00000A8     0  0  0  1  0 10       U    0
   1196    00000A8     0  0  0  0  0 10       T    0
   1197    00000AA     0  0  0  1  0 10       T    0
   1198    00000AA     0  0  0  0  0 10       `    0
   1199    00000AC     0  0  0  1  0 10       `    0
   1200    00000AC     0  0  0  0  0 10       r    0
   1201    00000AE     0  0  0  1  0 10       r    0
   1202    00000AE     0  0  0  0  0 10       ]    0
   1203    00000B0     0  0  0  1  0 10       ]    0
   1204    00000B0     0  0  0  0  0 10       d    0
   1205    00000B2     0  0  0  1  0 10       d    0
   1206    00000B2     0  0  0  0  0 10       0    0
   1207    00000B4     0  0  0  1  0 10       0    0
   1208    00000B4     0  0  0  0  0 10           0
   1209    00000B6     0  0  0  1  0 10           0
   1210    00000B6     0  0  0  0  0 10           0
   1211    00000B8     0  0  0  1  0 10           0
   1212    00000B8     0  0  0  0  0 10     <NUL>  0
   1213    00000BA     0  0  0  1  0 10     <NUL>  0
   1214    00000BA     0  0  0  0  0 10     <NUL>  0
   1215    00000BC     0  0  0  1  0 10     <NUL>  0
   1216    00000BC     0  0  0  0  0 10     <NUL>  0
   1217    00000BE     0  0  0  1  0 10     <NUL>  0
   1218    00000BE     0  0  0  0  0 10     <NUL>  0
   1219    00000C0     0  0  0  1  0 10     <NUL>  0
   1220    00000C0     0  0  0  0  0 10     <SI >  0
   1221    0000000     0  0  0  1  0 10           0
   1222    0000000     0  0  0  0  0 10     <SOH>  0
   1223    0000002     0  0  0  1  0 10     <SOH>  0
   1224    0000002     0  0  0  0  0 10     <STX>  0
   1225    0000000     0  0  0  1  0 10     <STX>  0
   1226    0000000     0  0  0  0  0 10     <SOH>  0
   1227    0000002     0  0  0  1  0 10     <SOH>  0
   1228    0000002     0  0  0  0  0 10     <STX>  0
   1229    0000008     0  0  0  1  0 10     <STX>  0
   1230    0000008     0  0  0  0  0 10     <ETB>  0
   1231    000000A     0  0  0  1  0 10     <ETB>  0
   1232    000000A     0  0  0  0  0 10     <ETX>  0
   1233    0000008     0  0  0  1  0 10     <ETX>  0
   1234    0000008     0  0  0  0  0 10     <ETB>  0
   1235    000000A     0  0  0  1  0 10     <ETB>  0
   1236    000000A     0  0  0  0  0 10     <ETX>  0
   1237    0000012     0  0  0  1  0 10     <ETX>  0
   1238    0000012     0  0  0  0  0 10            0
   1239    0000014     0  0  0  1  0 10            0
   1240    0000014     0  0  0  0  0 10     <EOT>  0
   1241    0000012     0  0  0  1  0 10     <EOT>  0
   1242    0000012     0  0  0  0  0 10            0
   1243    0000014     0  0  0  1  0 10            0
   1244    0000014     0  0  0  0  0 10     <EOT>  0
   1245    000001E     0  0  0  1  0 10     <EOT>  0
   1246    000001E     0  0  0  0  0 10       !    0
   1247    0000020     0  0  0  1  0 10       !    0
   1248    0000020     0  0  0  0  0 10     <STX>  0
   1249    000001E     0  0  0  1  0 10     <STX>  0
   1250    000001E     0  0  0  0  0 10       !    0
   1251    0000020     0  0  0  1  0 10       !    0
   1252    0000020     0  0  0  0  0 10     <STX>  0
   1253    0000026     0  0  0  1  0 10     <STX>  0
   1254    0000026     0  0  0  0  0 10     <NAK>  0
   1255    0000028     0  0  0  1  0 10     <NAK>  0
   1256    0000028     0  0  0  0  0 10       .    0
   1257    0000028     0  0  0  1  0 10           0
   1258    0000028     0  0  0  0  0 10       .    0
   1259    000002A     0  0  0  1  0 10       .    0
   1260    000002A     0  0  0  0  0 10     <EOT>  0
   1261    000002C     0  0  0  1  0 10     <EOT>  0
   1262    000002C     0  0  0  0  0 10     <SOH>  0
   1263    000002E     0  0  0  1  0 10     <SOH>  0
   1264    000002E     0  0  0  0  0 10       3    0
   1265    0000030     0  0  0  1  0 10       3    0
   1266    0000030     0  0  0  0  0 10       C    0
   1267    0000032     0  0  0  1  0 10       C    0
   1268    0000032     0  0  0  0  0 10       o    0
   1269    0000034     0  0  0  1  0 10       o    0
   1270    0000034     0  0  0  0  0 10       m    0
   1271    0000036     0  0  0  1  0 10       m    0
   1272    0000036     0  0  0  0  0 10     <NUL>  0
   1273    0000038     0  0  0  1  0 10     <NUL>  0
   1274    0000038     0  0  0  0  0 10       M    0
   1275    000003A     0  0  0  1  0 10       M    0
   1276    000003A     0  0  0  0  0 10       e    0
   1277    000003C     0  0  0  1  0 10       e    0
   1278    000003C     0  0  0  0  0 10       g    0
   1279    000003E     0  0  0  1  0 10       g    0
   1280    000003E     0  0  0  0  0 10       a    0
   1281    0000040     0  0  0  1  0 10       a    0
   1282    0000040     0  0  0  0  0 10       h    0
   1283    0000042     0  0  0  1  0 10       h    0
   1284    0000042     0  0  0  0  0 10       e    0
   1285    0000044     0  0  0  1  0 10       e    0
   1286    0000044     0  0  0  0  0 10       r    0
   1287    0000046     0  0  0  1  0 10       r    0
   1288    0000046     0  0  0  0  0 10       t    0
   1289    0000048     0  0  0  1  0 10       t    0
   1290    0000048     0  0  0  0  0 10       z    0
   1291    000004A     0  0  0  1  0 10       z    0
   1292    000004A     0  0  0  0  0 10            0
   1293    000004C     0  0  0  1  0 10            0
   1294    000004C     0  0  0  0  0 10       5    0
   1295    000004E     0  0  0  1  0 10       5    0
   1296    000004E     0  0  0  0  0 10       8    0
   1297    0000050     0  0  0  1  0 10       8    0
   1298    0000050     0  0  0  0  0 10       9    0
   1299    0000052     0  0  0  1  0 10       9    0
   1300    0000052     0  0  0  0  0 10       E    0
   1301    0000054     0  0  0  1  0 10       E    0
   1302    0000054     0  0  0  0  0 10     <NUL>  0
   1303    0000056     0  0  0  1  0 10     <NUL>  0
   1304    0000056     0  0  0  0  0 10       T    0
   1305    0000058     0  0  0  1  0 10       T    0
   1306    0000058     0  0  0  0  0 10       P    0
   1307    000005A     0  0  0  1  0 10       P    0
   1308    000005A     0  0  0  0  0 10       /    0
   1309    000005C     0  0  0  1  0 10       /    0
   1310    000005C     0  0  0  0  0 10       B    0
   1311    000005E     0  0  0  1  0 10       B    0
   1312    000005E     0  0  0  0  0 10       N    0
   1313    0000060     0  0  0  1  0 10       N    0
   1314    0000060     0  0  0  0  0 10       C    0
   1315    0000062     0  0  0  1  0 10       C    0
   1316    0000062     0  0  0  0  0 10            0
   1317    0000064     0  0  0  1  0 10            0
   1318    0000064     0  0  0  0  0 10       L    0
   1319    0000066     0  0  0  1  0 10       L    0
   1320    0000066     0  0  0  0  0 10       A    0
   1321    0000068     0  0  0  1  0 10       A    0
   1322    0000068     0  0  0  0  0 10       N    0
   1323    000006A     0  0  0  1  0 10       N    0
   1324    000006A     0  0  0  0  0 10            0
   1325    000006C     0  0  0  1  0 10            0
   1326    000006C     0  0  0  0  0 10       P    0
   1327    000006E     0  0  0  1  0 10       P    0
   1328    000006E     0  0  0  0  0 10       C    0
   1329    0000070     0  0  0  1  0 10       C    0
   1330    0000070     0  0  0  0  0 10            0
   1331    0000072     0  0  0  1  0 10            0
   1332    0000072     0  0  0  0  0 10       C    0
   1333    0000074     0  0  0  1  0 10       C    0
   1334    0000074     0  0  0  0  0 10       a    0
   1335    0000076     0  0  0  1  0 10       a    0
   1336    0000076     0  0  0  0  0 10       r    0
   1337    0000078     0  0  0  1  0 10       r    0
   1338    0000078     0  0  0  0  0 10       d    0
   1339    000007A     0  0  0  1  0 10       d    0
   1340    000007A     0  0  0  0  0 10     <NUL>  0
   1341    000007C     0  0  0  1  0 10     <NUL>  0
   1342    000007C     0  0  0  0  0 10       0    0
   1343    000007E     0  0  0  1  0 10       0    0
   1344    000007E     0  0  0  0  0 10       0    0
   1345    0000080     0  0  0  1  0 10       0    0
   1346    0000080     0  0  0  0  0 10       5    0
   1347    0000082     0  0  0  1  0 10       5    0
   1348    0000082     0  0  0  0  0 10     <NUL>  0
   1349    0000084     0  0  0  1  0 10     <NUL>  0
   1350    0000084     0  0  0  0  0 10           0
   1351    0000000     0  0  0  1  0 10           0
   1352    0000000     0  0  0  0  0 10     <SOH>  0
   1353    0000002     0  0  0  1  0 10     <SOH>  0
   1354    0000002     0  0  0  0  0 10     <STX>  0
   1355    0000000     0  0  0  1  0 10     <STX>  0
   1356    0000000     0  0  0  0  0 10     <SOH>  0
   1357    0000002     0  0  0  1  0 10     <SOH>  0
   1358    0000002     0  0  0  0  0 10     <STX>  0
   1359    0000008     0  0  0  1  0 10     <STX>  0
   1360    0000008     0  0  0  0  0 10     <ETB>  0
   1361    000000A     0  0  0  1  0 10     <ETB>  0
   1362    000000A     0  0  0  0  0 10     <ETX>  0
   1363    0000008     0  0  0  1  0 10     <ETX>  0
   1364    0000008     0  0  0  0  0 10     <ETB>  0
   1365    000000A     0  0  0  1  0 10     <ETB>  0
   1366    000000A     0  0  0  0  0 10     <ETX>  0
   1367    0000012     0  0  0  1  0 10     <ETX>  0
   1368    0000012     0  0  0  0  0 10            0
   1369    0000014     0  0  0  1  0 10            0
   1370    0000014     0  0  0  0  0 10     <EOT>  0
   1371    0000012     0  0  0  1  0 10     <EOT>  0
   1372    0000012     0  0  0  0  0 10            0
   1373    0000014     0  0  0  1  0 10            0
   1374    0000014     0  0  0  0  0 10     <EOT>  0
   1375    000001E     0  0  0  1  0 10     <EOT>  0
   1376    000001E     0  0  0  0  0 10       !    0
   1377    0000020     0  0  0  1  0 10       !    0
   1378    0000020     0  0  0  0  0 10     <STX>  0
   1379    000001E     0  0  0  1  0 10     <STX>  0
   1380    000001E     0  0  0  0  0 10       !    0
   1381    0000020     0  0  0  1  0 10       !    0
   1382    0000020     0  0  0  0  0 10     <STX>  0
   1383    0000026     0  0  0  1  0 10     <STX>  0
   1384    0000026     0  0  0  0  0 10     <NAK>  0
   1385    0000028     0  0  0  1  0 10     <NAK>  0
   1386    0000028     0  0  0  0  0 10       .    0
   1387    0000026     0  0  0  1  0 10       .    0
   1388    0000026     0  0  0  0  0 10     <NAK>  0
   1389    0000028     0  0  0  1  0 10     <NAK>  0
   1390    0000028     0  0  0  0  0 10       .    0
   1391    0000086     0  0  0  1  0 10       .    0
   1392    0000086     0  0  0  0  0 10     <SUB>  0
   1393    0000088     0  0  0  1  0 10     <SUB>  0
   1394    0000088     0  0  0  0  0 10     <ACK>  0
   1395    0000088     0  0  0  1  0 10           0
   1396    0000088     0  0  0  0  0 10     <ACK>  0
   1397    000008A     0  0  0  1  0 10     <ACK>  0
   1398    000008A     0  0  0  0  0 10     <STX>  0
   1399    000008C     0  0  0  1  0 10     <STX>  0
   1400    000008C     0  0  0  0  0 10     <ETX>  0
   1401    000008E     0  0  0  1  0 10     <ETX>  0
   1402    000008E     0  0  0  0  0 10     <NUL>  0
   1403    0000090     0  0  0  1  0 10     <NUL>  0
   1404    0000090     0  0  0  0  0 10     <NUL>  0
   1405    0000092     0  0  0  1  0 10     <NUL>  0
   1406    0000092     0  0  0  0  0 10     <SOH>  0
   1407    0000094     0  0  0  1  0 10     <SOH>  0
   1408    0000094     0  0  0  0  0 10     <ETX>  0
   1409    0000000     0  0  0  1  0 10           0
   1410    0000000     0  0  0  0  0 10     <SOH>  0
   1411    0000002     0  0  0  1  0 10     <SOH>  0
   1412    0000002     0  0  0  0  0 10     <STX>  0
   1413    0000002     0  0  0  1  0 10           0
   1414    0000002     0  0  0  0  0 10     <STX>  0
   1415    0000004     0  0  0  1  0 10     <STX>  0
   1416    0000004     0  0  0  0  0 10     <NUL>  0
   1417    0000006     0  0  0  1  0 10     <NUL>  0
   1418    0000006     0  0  0  0  0 10           0
   1419    0000000     0  0  0  1  0 10           0
   1420    0000000     0  0  0  0  0 10     <SOH>  0
   1421    0000002     0  0  0  1  0 10     <SOH>  0
   1422    0000002     0  0  0  0  0 10     <STX>  0
   1423    0000008     0  0  0  1  0 10     <STX>  0
   1424    0000008     0  0  0  0  0 10     <ETB>  0
   1425    000000A     0  0  0  1  0 10     <ETB>  0
   1426    000000A     0  0  0  0  0 10     <ETX>  0
   1427    0000008     0  0  0  1  0 10           0
   1428    0000008     0  0  0  0  0 10     <ETB>  0
   1429    000000A     0  0  0  1  0 10     <ETB>  0
   1430    000000A     0  0  0  0  0 10     <ETX>  0
   1431    0000012     0  0  0  1  0 10     <ETX>  0
   1432    0000012     0  0  0  0  0 10            0
   1433    0000014     0  0  0  1  0 10            0
   1434    0000014     0  0  0  0  0 10     <EOT>  0
   1435    0000014     0  0  0  1  0 10           0
   1436    0000014     0  0  0  0  0 10     <EOT>  0
   1437    0000016     0  0  0  1  0 10     <EOT>  0
   1438    0000016     0  0  0  0  0 10     <SOH>  0
   1439    0000018     0  0  0  1  0 10     <SOH>  0
   1440    0000018     0  0  0  0  0 10     <SOH>  0
   1441    000001A     0  0  0  1  0 10     <SOH>  0
   1442    000001A     0  0  0  0  0 10     <HT >  0
   1443    000001C     0  0  0  1  0 10     <HT >  0
   1444    000001C     0  0  0  0  0 10     <ENQ>  0
   1445    0000012     0  0  0  1  0 10           0
   1446    0000012     0  0  0  0  0 10            0
   1447    0000014     0  0  0  1  0 10            0
   1448    0000014     0  0  0  0  0 10     <EOT>  0
   1449    000001E     0  0  0  1  0 10     <EOT>  0
   1450    000001E     0  0  0  0  0 10       !    0
   1451    0000020     0  0  0  1  0 10       !    0
   1452    0000020     0  0  0  0  0 10     <STX>  0
   1453    000001E     0  0  0  1  0 10           0
   1454    000001E     0  0  0  0  0 10       !    0
   1455    0000020     0  0  0  1  0 10       !    0
   1456    0000020     0  0  0  0  0 10     <STX>  0
   1457    0000026     0  0  0  1  0 10     <STX>  0
   1458    0000026     0  0  0  0  0 10     <NAK>  0
   1459    0000028     0  0  0  1  0 10     <NAK>  0
   1460    0000028     0  0  0  0  0 10       .    0
   1461    0000028     0  0  0  1  0 10           0
   1462    0000028     0  0  0  0  0 10       .    0
   1463    000002A     0  0  0  1  0 10       .    0
   1464    000002A     0  0  0  0  0 10     <EOT>  0
   1465    000002C     0  0  0  1  0 10     <EOT>  0
   1466    000002C     0  0  0  0  0 10     <SOH>  0
   1467    000002E     0  0  0  1  0 10     <SOH>  0
   1468    000002E     0  0  0  0  0 10       3    0
   1469    0000030     0  0  0  1  0 10       3    0
   1470    0000030     0  0  0  0  0 10       C    0
   1471    0000032     0  0  0  1  0 10       C    0
   1472    0000032     0  0  0  0  0 10       o    0
   1473    0000034     0  0  0  1  0 10       o    0
   1474    0000034     0  0  0  0  0 10       m    0
   1475    0000036     0  0  0  1  0 10       m    0
   1476    0000036     0  0  0  0  0 10     <NUL>  0
   1477    0000038     0  0  0  1  0 10     <NUL>  0
   1478    0000038     0  0  0  0  0 10       M    0
   1479    000003A     0  0  0  1  0 10       M    0
   1480    000003A     0  0  0  0  0 10       e    0
   1481    000003C     0  0  0  1  0 10       e    0
   1482    000003C     0  0  0  0  0 10       g    0
   1483    000003E     0  0  0  1  0 10       g    0
   1484    000003E     0  0  0  0  0 10       a    0
   1485    0000040     0  0  0  1  0 10       a    0
   1486    0000040     0  0  0  0  0 10       h    0
   1487    0000042     0  0  0  1  0 10       h    0
   1488    0000042     0  0  0  0  0 10       e    0
   1489    0000044     0  0  0  1  0 10       e    0
   1490    0000044     0  0  0  0  0 10       r    0
   1491    0000046     0  0  0  1  0 10       r    0
   1492    0000046     0  0  0  0  0 10       t    0
   1493    0000048     0  0  0  1  0 10       t    0
   1494    0000048     0  0  0  0  0 10       z    0
   1495    000004A     0  0  0  1  0 10       z    0
   1496    000004A     0  0  0  0  0 10            0
   1497    000004C     0  0  0  1  0 10            0
   1498    000004C     0  0  0  0  0 10       5    0
   1499    000004E     0  0  0  1  0 10       5    0
   1500    000004E     0  0  0  0  0 10       8    0
   1501    0000050     0  0  0  1  0 10       8    0
   1502    0000050     0  0  0  0  0 10       9    0
   1503    0000052     0  0  0  1  0 10       9    0
   1504    0000052     0  0  0  0  0 10       E    0
   1505    0000054     0  0  0  1  0 10       E    0
   1506    0000054     0  0  0  0  0 10     <NUL>  0
   1507    0000056     0  0  0  1  0 10     <NUL>  0
   1508    0000056     0  0  0  0  0 10       T    0
   1509    0000058     0  0  0  1  0 10       T    0
   1510    0000058     0  0  0  0  0 10       P    0
   1511    000005A     0  0  0  1  0 10       P    0
   1512    000005A     0  0  0  0  0 10       /    0
   1513    000005C     0  0  0  1  0 10       /    0
   1514    000005C     0  0  0  0  0 10       B    0
   1515    000005E     0  0  0  1  0 10       B    0
   1516    000005E     0  0  0  0  0 10       N    0
   1517    0000060     0  0  0  1  0 10       N    0
   1518    0000060     0  0  0  0  0 10       C    0
   1519    0000062     0  0  0  1  0 10       C    0
   1520    0000062     0  0  0  0  0 10            0
   1521    0000064     0  0  0  1  0 10            0
   1522    0000064     0  0  0  0  0 10       L    0
   1523    0000066     0  0  0  1  0 10       L    0
   1524    0000066     0  0  0  0  0 10       A    0
   1525    0000068     0  0  0  1  0 10       A    0
   1526    0000068     0  0  0  0  0 10       N    0
   1527    000006A     0  0  0  1  0 10       N    0
   1528    000006A     0  0  0  0  0 10            0
   1529    000006C     0  0  0  1  0 10            0
   1530    000006C     0  0  0  0  0 10       P    0
   1531    000006E     0  0  0  1  0 10       P    0
   1532    000006E     0  0  0  0  0 10       C    0
   1533    0000070     0  0  0  1  0 10       C    0
   1534    0000070     0  0  0  0  0 10            0
   1535    0000072     0  0  0  1  0 10            0
   1536    0000072     0  0  0  0  0 10       C    0
   1537    0000074     0  0  0  1  0 10       C    0
   1538    0000074     0  0  0  0  0 10       a    0
   1539    0000076     0  0  0  1  0 10       a    0
   1540    0000076     0  0  0  0  0 10       r    0
   1541    0000078     0  0  0  1  0 10       r    0
   1542    0000078     0  0  0  0  0 10       d    0
   1543    000007A     0  0  0  1  0 10       d    0
   1544    000007A     0  0  0  0  0 10     <NUL>  0
   1545    000007C     0  0  0  1  0 10     <NUL>  0
   1546    000007C     0  0  0  0  0 10       0    0
   1547    000007E     0  0  0  1  0 10       0    0
   1548    000007E     0  0  0  0  0 10       0    0
   1549    0000080     0  0  0  1  0 10       0    0
   1550    0000080     0  0  0  0  0 10       5    0
   1551    0000082     0  0  0  1  0 10       5    0
   1552    0000082     0  0  0  0  0 10     <NUL>  0
   1553    0000084     0  0  0  1  0 10     <NUL>  0
   1554    0000084     0  0  0  0  0 10           0
   1555    0000026     0  0  0  1  0 10           0
   1556    0000026     0  0  0  0  0 10     <NAK>  0
   1557    0000028     0  0  0  1  0 10     <NAK>  0
   1558    0000028     0  0  0  0  0 10       .    0
   1559    0000086     0  0  0  1  0 10       .    0
   1560    0000086     0  0  0  0  0 10     <SUB>  0
   1561    0000088     0  0  0  1  0 10     <SUB>  0
   1562    0000088     0  0  0  0  0 10     <ACK>  0
   1563    0000088     0  0  0  1  0 10           0
   1564    0000088     0  0  0  0  0 10     <ACK>  0
   1565    000008A     0  0  0  1  0 10     <ACK>  0
   1566    000008A     0  0  0  0  0 10     <STX>  0
   1567    000008C     0  0  0  1  0 10     <STX>  0
   1568    000008C     0  0  0  0  0 10     <ETX>  0
   1569    000008E     0  0  0  1  0 10     <ETX>  0
   1570    000008E     0  0  0  0  0 10     <NUL>  0
   1571    0000090     0  0  0  1  0 10     <NUL>  0
   1572    0000090     0  0  0  0  0 10     <NUL>  0
   1573    0000092     0  0  0  1  0 10     <NUL>  0
   1574    0000092     0  0  0  0  0 10     <SOH>  0
   1575    0000094     0  0  0  1  0 10     <SOH>  0
   1576    0000094     0  0  0  0  0 10     <ETX>  0
   1577    0000086     0  0  0  1  0 10           0
   1578    0000086     0  0  0  0  0 10     <SUB>  0
   1579    0000088     0  0  0  1  0 10     <SUB>  0
   1580    0000088     0  0  0  0  0 10     <ACK>  0
   1581    0000096     0  0  0  1  0 10     <ACK>  0
   1582    0000096     0  0  0  0  0 10     <ESC>  0
   1583    0000098     0  0  0  1  0 10     <ESC>  0
   1584    0000098     0  0  0  0  0 10     <DC4>  0
   1585    0000098     0  0  0  1  0 10           0
   1586    0000098     0  0  0  0  0 10     <DC4>  0
   1587    000009A     0  0  0  1  0 10     <DC4>  0
   1588    000009A     0  0  0  0  0 10       A    0
   1589    000009C     0  0  0  1  0 10       A    0
   1590    000009C     0  0  0  0  0 10     <SOH>  0
   1591    000009E     0  0  0  1  0 10     <SOH>  0
   1592    000009E     0  0  0  0  0 10     <GS >  0
   1593    00000A0     0  0  0  1  0 10     <GS >  0
   1594    00000A0     0  0  0  0  0 10       q    0
   1595    00000A2     0  0  0  1  0 10       q    0
   1596    00000A2     0  0  0  0  0 10       U    0
   1597    00000A4     0  0  0  1  0 10       U    0
   1598    00000A4     0  0  0  0  0 10       5    0
   1599    00000A6     0  0  0  1  0 10       5    0
   1600    00000A6     0  0  0  0  0 10       U    0
   1601    00000A8     0  0  0  1  0 10       U    0
   1602    00000A8     0  0  0  0  0 10       T    0
   1603    00000AA     0  0  0  1  0 10       T    0
   1604    00000AA     0  0  0  0  0 10       `    0
   1605    00000AC     0  0  0  1  0 10       `    0
   1606    00000AC     0  0  0  0  0 10       r    0
   1607    00000AE     0  0  0  1  0 10       r    0
   1608    00000AE     0  0  0  0  0 10       ]    0
   1609    00000B0     0  0  0  1  0 10       ]    0
   1610    00000B0     0  0  0  0  0 10       d    0
   1611    00000B2     0  0  0  1  0 10       d    0
   1612    00000B2     0  0  0  0  0 10       0    0
   1613    00000B4     0  0  0  1  0 10       0    0
   1614    00000B4     0  0  0  0  0 10           0
   1615    00000B6     0  0  0  1  0 10           0
   1616    00000B6     0  0  0  0  0 10           0
   1617    00000B8     0  0  0  1  0 10           0
   1618    00000B8     0  0  0  0  0 10     <NUL>  0
   1619    00000BA     0  0  0  1  0 10     <NUL>  0
   1620    00000BA     0  0  0  0  0 10     <NUL>  0
   1621    00000BC     0  0  0  1  0 10     <NUL>  0
   1622    00000BC     0  0  0  0  0 10     <NUL>  0
   1623    00000BE     0  0  0  1  0 10     <NUL>  0
   1624    00000BE     0  0  0  0  0 10     <NUL>  0
   1625    00000C0     0  0  0  1  0 10     <NUL>  0
   1626    00000C0     0  0  0  0  0 10     <SI >  0
   1627    0000096     0  0  0  1  0 10           0
   1628    0000096     0  0  0  0  0 10     <ESC>  0
   1629    0000098     0  0  0  1  0 10     <ESC>  0
   1630    0000098     0  0  0  0  0 10     <DC4>  0
   1631    00000C2     0  0  0  1  0 10     <DC4>  0
   1632    00000C2     0  0  0  0  0 10     <ESC>  0
   1633    00000C4     0  0  0  1  0 10     <ESC>  0
   1634    00000C4     0  0  0  0  0 10     <BEL>  0
   1635    00000C4     0  0  0  1  0 10           0
   1636    00000C4     0  0  0  0  0 10     <BEL>  0
   1637    00000C6     0  0  0  1  0 10     <BEL>  0
   1638    00000C6     0  0  0  0  0 10     <ETX>  0
   1639    00000C8     0  0  0  1  0 10     <ETX>  0
   1640    00000C8     0  0  0  0  0 10     <SOH>  0
   1641    00000CA     0  0  0  1  0 10     <SOH>  0
   1642    00000CA     0  0  0  0  0 10       q    0
   1643    00000CC     0  0  0  1  0 10       q    0
   1644    00000CC     0  0  0  0  0 10       U    0
   1645    00000CE     0  0  0  1  0 10       U    0
   1646    00000CE     0  0  0  0  0 10       &    0
   1647    00000D0     0  0  0  1  0 10       &    0
   1648    00000D0     0  0  0  0  0 10       &    0
   1649    00000D2     0  0  0  1  0 10       &    0
   1650    00000D2     0  0  0  0  0 10       T    0
   1651    00000C2     0  0  0  1  0 10           0
   1652    00000C2     0  0  0  0  0 10     <ESC>  0
   1653    00000C4     0  0  0  1  0 10     <ESC>  0
   1654    00000C4     0  0  0  0  0 10     <BEL>  0
   1655    00000D4     0  0  0  1  0 10     <BEL>  0
   1656    00000D4     0  0  0  0  0 10     <EOM>  0
   1657    00000D6     0  0  0  1  0 10     <EOM>  0
   1658    00000D6     0  0  0  0  0 10     <ETX>  0
   1659    00000D4     0  0  0  1  0 10           0
   1660    00000D4     0  0  0  0  0 10     <EOM>  0
   1661    00000D6     0  0  0  1  0 10     <EOM>  0
   1662    00000D6     0  0  0  0  0 10     <ETX>  0
   1663    00000DE     0  0  0  1  0 10     <ETX>  0
   1664    00000DE     0  0  0  0  0 10     <DC4>  0
   1665    00000E0     0  0  0  1  0 10     <DC4>  0
   1666    00000E0     0  0  0  0  0 10     <NUL>  0
   1667    00000DE     0  0  0  1  0 10           0
   1668    00000DE     0  0  0  0  0 10     <DC4>  0
   1669    00000E0     0  0  0  1  0 10     <DC4>  0
   1670    00000E0     0  0  0  0  0 10     <NUL>  0
   1671    00000E2     0  0  0  1  0 10     <NUL>  0
   1672    00000E2     0  0  0  0  0 10     <DLE>  0
   1673    00000E4     0  0  0  1  0 10     <DLE>  0
   1674    00000E4     0  0  0  0  0 10     <ENQ>  0
   1675    00000E2     0  0  0  1  0 10           0
   1676    00000E2     0  0  0  0  0 10     <DLE>  0
   1677    00000E4     0  0  0  1  0 10     <DLE>  0
   1678    00000E4     0  0  0  0  0 10     <ENQ>  0
   1679    00000F0     0  0  0  1  0 10     <ENQ>  0
   1680    00000F0     0  0  0  0  0 10           0
   1681    00000F2     0  0  0  1  0 10           0
   1682    00000F2     0  0  0  0  0 10       s    0
   1683    00000F0     0  0  0  1  0 10           0
   1684    00000F0     0  0  0  0  0 10           0
   1685    0000000     0  0  0  1  0 10           0
   1686    0000000     0  0  0  0  0 10     <SOH>  0
   1687    0000002     0  0  0  1  0 10     <SOH>  0
   1688    0000002     0  0  0  0  0 10     <STX>  0
   1689    0000000     0  0  0  1  0 10     <STX>  0
   1690    0000000     0  0  0  0  0 10     <SOH>  0
   1691    0000002     0  0  0  1  0 10     <SOH>  0
   1692    0000002     0  0  0  0  0 10     <STX>  0
   1693    0000008     0  0  0  1  0 10     <STX>  0
   1694    0000008     0  0  0  0  0 10     <ETB>  0
   1695    000000A     0  0  0  1  0 10     <ETB>  0
   1696    000000A     0  0  0  0  0 10     <ETX>  0
   1697    0000008     0  0  0  1  0 10     <ETX>  0
   1698    0000008     0  0  0  0  0 10     <ETB>  0
   1699    000000A     0  0  0  1  0 10     <ETB>  0
   1700    000000A     0  0  0  0  0 10     <ETX>  0
   1701    0000012     0  0  0  1  0 10     <ETX>  0
   1702    0000012     0  0  0  0  0 10            0
   1703    0000014     0  0  0  1  0 10            0
   1704    0000014     0  0  0  0  0 10     <EOT>  0
   1705    0000012     0  0  0  1  0 10     <EOT>  0
   1706    0000012     0  0  0  0  0 10            0
   1707    0000014     0  0  0  1  0 10            0
   1708    0000014     0  0  0  0  0 10     <EOT>  0
   1709    000001E     0  0  0  1  0 10     <EOT>  0
   1710    000001E     0  0  0  0  0 10       !    0
   1711    0000020     0  0  0  1  0 10       !    0
   1712    0000020     0  0  0  0  0 10     <STX>  0
   1713    000001E     0  0  0  1  0 10     <STX>  0
   1714    000001E     0  0  0  0  0 10       !    0
   1715    0000020     0  0  0  1  0 10       !    0
   1716    0000020     0  0  0  0  0 10     <STX>  0
   1717    0000026     0  0  0  1  0 10     <STX>  0
   1718    0000026     0  0  0  0  0 10     <NAK>  0
   1719    0000028     0  0  0  1  0 10     <NAK>  0
   1720    0000028     0  0  0  0  0 10       .    0
   1721    0000026     0  0  0  1  0 10       .    0
   1722    0000026     0  0  0  0  0 10     <NAK>  0
   1723    0000028     0  0  0  1  0 10     <NAK>  0
   1724    0000028     0  0  0  0  0 10       .    0
   1725    0000086     0  0  0  1  0 10       .    0
   1726    0000086     0  0  0  0  0 10     <SUB>  0
   1727    0000088     0  0  0  1  0 10     <SUB>  0
   1728    0000088     0  0  0  0  0 10     <ACK>  0
   1729    0000088     0  0  0  1  0 10           0
   1730    0000088     0  0  0  0  0 10     <ACK>  0
   1731    000008A     0  0  0  1  0 10     <ACK>  0
   1732    000008A     0  0  0  0  0 10     <STX>  0
   1733    000008C     0  0  0  1  0 10     <STX>  0
   1734    000008C     0  0  0  0  0 10     <ETX>  0
   1735    000008E     0  0  0  1  0 10     <ETX>  0
   1736    000008E     0  0  0  0  0 10     <NUL>  0
   1737    0000090     0  0  0  1  0 10     <NUL>  0
   1738    0000090     0  0  0  0  0 10     <NUL>  0
   1739    0000092     0  0  0  1  0 10     <NUL>  0
   1740    0000092     0  0  0  0  0 10     <SOH>  0
   1741    0000094     0  0  0  1  0 10     <SOH>  0
   1742    0000094     0  0  0  0  0 10     <ETX>  0
   1743    0000000     0  0  0  1  0 10           0
   1744    0000000     0  0  0  0  0 10     <SOH>  0
   1745    0000002     0  0  0  1  0 10     <SOH>  0
   1746    0000002     0  0  0  0  0 10     <STX>  0
   1747    0000000     0  0  0  1  0 10     <STX>  0
   1748    0000000     0  0  0  0  0 10     <SOH>  0
   1749    0000002     0  0  0  1  0 10     <SOH>  0
   1750    0000002     0  0  0  0  0 10     <STX>  0
   1751    0000008     0  0  0  1  0 10     <STX>  0
   1752    0000008     0  0  0  0  0 10     <ETB>  0
   1753    000000A     0  0  0  1  0 10     <ETB>  0
   1754    000000A     0  0  0  0  0 10     <ETX>  0
   1755    0000008     0  0  0  1  0 10     <ETX>  0
   1756    0000008     0  0  0  0  0 10     <ETB>  0
   1757    000000A     0  0  0  1  0 10     <ETB>  0
   1758    000000A     0  0  0  0  0 10     <ETX>  0
   1759    0000012     0  0  0  1  0 10     <ETX>  0
   1760    0000012     0  0  0  0  0 10            0
   1761    0000014     0  0  0  1  0 10            0
   1762    0000014     0  0  0  0  0 10     <EOT>  0
   1763    0000012     0  0  0  1  0 10     <EOT>  0
   1764    0000012     0  0  0  0  0 10            0
   1765    0000014     0  0  0  1  0 10            0
   1766    0000014     0  0  0  0  0 10     <EOT>  0
   1767    000001E     0  0  0  1  0 10     <EOT>  0
   1768    000001E     0  0  0  0  0 10       !    0
   1769    0000020     0  0  0  1  0 10       !    0
   1770    0000020     0  0  0  0  0 10     <STX>  0
   1771    000001E     0  0  0  1  0 10     <STX>  0
   1772    000001E     0  0  0  0  0 10       !    0
   1773    0000020     0  0  0  1  0 10       !    0
   1774    0000020     0  0  0  0  0 10     <STX>  0
   1775    0000026     0  0  0  1  0 10     <STX>  0
   1776    0000026     0  0  0  0  0 10     <NAK>  0
   1777    0000028     0  0  0  1  0 10     <NAK>  0
   1778    0000028     0  0  0  0  0 10       .    0
   1779    0000026     0  0  0  1  0 10       .    0
   1780    0000026     0  0  0  0  0 10     <NAK>  0
   1781    0000028     0  0  0  1  0 10     <NAK>  0
   1782    0000028     0  0  0  0  0 10       .    0
   1783    0000086     0  0  0  1  0 10       .    0
   1784    0000086     0  0  0  0  0 10     <SUB>  0
   1785    0000088     0  0  0  1  0 10     <SUB>  0
   1786    0000088     0  0  0  0  0 10     <ACK>  0
   1787    0000086     0  0  0  1  0 10     <ACK>  0
   1788    0000086     0  0  0  0  0 10     <SUB>  0
   1789    0000088     0  0  0  1  0 10     <SUB>  0
   1790    0000088     0  0  0  0  0 10     <ACK>  0
   1791    0000096     0  0  0  1  0 10     <ACK>  0
   1792    0000096     0  0  0  0  0 10     <ESC>  0
   1793    0000098     0  0  0  1  0 10     <ESC>  0
   1794    0000098     0  0  0  0  0 10     <DC4>  0
   1795    0000098     0  0  0  1  0 10           0
   1796    0000098     0  0  0  0  0 10     <DC4>  0
   1797    000009A     0  0  0  1  0 10     <DC4>  0
   1798    000009A     0  0  0  0  0 10       A    0
   1799    000009C     0  0  0  1  0 10       A    0
   1800    000009C     0  0  0  0  0 10     <SOH>  0
   1801    000009E     0  0  0  1  0 10     <SOH>  0
   1802    000009E     0  0  0  0  0 10     <GS >  0
   1803    00000A0     0  0  0  1  0 10     <GS >  0
   1804    00000A0     0  0  0  0  0 10       q    0
   1805    00000A2     0  0  0  1  0 10       q    0
   1806    00000A2     0  0  0  0  0 10       U    0
   1807    00000A4     0  0  0  1  0 10       U    0
   1808    00000A4     0  0  0  0  0 10       5    0
   1809    00000A6     0  0  0  1  0 10       5    0
   1810    00000A6     0  0  0  0  0 10       U    0
   1811    00000A8     0  0  0  1  0 10       U    0
   1812    00000A8     0  0  0  0  0 10       T    0
   1813    00000AA     0  0  0  1  0 10       T    0
   1814    00000AA     0  0  0  0  0 10       `    0
   1815    00000AC     0  0  0  1  0 10       `    0
   1816    00000AC     0  0  0  0  0 10       r    0
   1817    00000AE     0  0  0  1  0 10       r    0
   1818    00000AE     0  0  0  0  0 10       ]    0
   1819    00000B0     0  0  0  1  0 10       ]    0
   1820    00000B0     0  0  0  0  0 10       d    0
   1821    00000B2     0  0  0  1  0 10       d    0
   1822    00000B2     0  0  0  0  0 10       0    0
   1823    00000B4     0  0  0  1  0 10       0    0
   1824    00000B4     0  0  0  0  0 10           0
   1825    00000B6     0  0  0  1  0 10           0
   1826    00000B6     0  0  0  0  0 10           0
   1827    00000B8     0  0  0  1  0 10           0
   1828    00000B8     0  0  0  0  0 10     <NUL>  0
   1829    00000BA     0  0  0  1  0 10     <NUL>  0
   1830    00000BA     0  0  0  0  0 10     <NUL>  0
   1831    00000BC     0  0  0  1  0 10     <NUL>  0
   1832    00000BC     0  0  0  0  0 10     <NUL>  0
   1833    00000BE     0  0  0  1  0 10     <NUL>  0
   1834    00000BE     0  0  0  0  0 10     <NUL>  0
   1835    00000C0     0  0  0  1  0 10     <NUL>  0
   1836    00000C0     0  0  0  0  0 10     <SI >  0
   1837    0000096     0  0  0  1  0 10           0
   1838    0000096     0  0  0  0  0 10     <ESC>  0
   1839    0000098     0  0  0  1  0 10     <ESC>  0
   1840    0000098     0  0  0  0  0 10     <DC4>  0
   1841    00000C2     0  0  0  1  0 10     <DC4>  0
   1842    00000C2     0  0  0  0  0 10     <ESC>  0
   1843    00000C4     0  0  0  1  0 10     <ESC>  0
   1844    00000C4     0  0  0  0  0 10     <BEL>  0
   1845    00000C4     0  0  0  1  0 10           0
   1846    00000C4     0  0  0  0  0 10     <BEL>  0
   1847    00000C6     0  0  0  1  0 10     <BEL>  0
   1848    00000C6     0  0  0  0  0 10     <ETX>  0
   1849    00000C8     0  0  0  1  0 10     <ETX>  0
   1850    00000C8     0  0  0  0  0 10     <SOH>  0
   1851    00000CA     0  0  0  1  0 10     <SOH>  0
   1852    00000CA     0  0  0  0  0 10       q    0
   1853    00000CC     0  0  0  1  0 10       q    0
   1854    00000CC     0  0  0  0  0 10       U    0
   1855    00000CE     0  0  0  1  0 10       U    0
   1856    00000CE     0  0  0  0  0 10       &    0
   1857    00000D0     0  0  0  1  0 10       &    0
   1858    00000D0     0  0  0  0  0 10       &    0
   1859    00000D2     0  0  0  1  0 10       &    0
   1860    00000D2     0  0  0  0  0 10       T    0
   1861    00000C2     0  0  0  1  0 10           0
   1862    00000C2     0  0  0  0  0 10     <ESC>  0
   1863    00000C4     0  0  0  1  0 10     <ESC>  0
   1864    00000C4     0  0  0  0  0 10     <BEL>  0
   1865    00000D4     0  0  0  1  0 10     <BEL>  0
   1866    00000D4     0  0  0  0  0 10     <EOM>  0
   1867    00000D6     0  0  0  1  0 10     <EOM>  0
   1868    00000D6     0  0  0  0  0 10     <ETX>  0
   1869    00000D4     0  0  0  1  0 10     <ETX>  0
   1870    00000D4     0  0  0  0  0 10     <EOM>  0
   1871    00000D6     0  0  0  1  0 10     <EOM>  0
   1872    00000D6     0  0  0  0  0 10     <ETX>  0
   1873    00000DE     0  0  0  1  0 10     <ETX>  0
   1874    00000DE     0  0  0  0  0 10     <DC4>  0
   1875    00000E0     0  0  0  1  0 10     <DC4>  0
   1876    00000E0     0  0  0  0  0 10     <NUL>  0
   1877    00000DE     0  0  0  1  0 10     <NUL>  0
   1878    00000DE     0  0  0  0  0 10     <DC4>  0
   1879    00000E0     0  0  0  1  0 10     <DC4>  0
   1880    00000E0     0  0  0  0  0 10     <NUL>  0
   1881    00000E2     0  0  0  1  0 10     <NUL>  0
   1882    00000E2     0  0  0  0  0 10     <DLE>  0
   1883    00000E4     0  0  0  1  0 10     <DLE>  0
   1884    00000E4     0  0  0  0  0 10     <ENQ>  0
   1885    00000E2     0  0  0  1  0 10     <ENQ>  0
   1886    00000E2     0  0  0  0  0 10     <DLE>  0
   1887    00000E4     0  0  0  1  0 10     <DLE>  0
   1888    00000E4     0  0  0  0  0 10     <ENQ>  0
   1889    00000F0     0  0  0  1  0 10     <ENQ>  0
   1890    00000F0     0  0  0  0  0 10           0
   1891    00000F2     0  0  0  1  0 10           0
   1892    00000F2     0  0  0  0  0 10       s    0
   1893    00000F0     0  0  0  1  0 10       s    0
   1894    00000F0     0  0  0  0  0 10           0

Time Printed: 20 Sep 2024 22:26:35  ---  Time Acquired: 20 Sep 2024 22:23:52
